original problem has 18380 variables (18318 bin, 62 int, 0 impl, 0 cont) and 576 constraints
1/1 feasible solution given by solution candidate storage, new primal bound 3.020000e+02

presolving:
(round 1, fast)       10352 del vars, 85 del conss, 48 add conss, 3065 chg bounds, 0 chg sides, 0 chg coeffs, 0 upgd conss, 52 impls, 3086 clqs
(round 2, fast)       10352 del vars, 88 del conss, 65 add conss, 3065 chg bounds, 3610 chg sides, 6576 chg coeffs, 0 upgd conss, 75 impls, 3350 clqs
(round 3, fast)       10352 del vars, 88 del conss, 65 add conss, 3065 chg bounds, 5108 chg sides, 8873 chg coeffs, 0 upgd conss, 75 impls, 3350 clqs
   (0.2s) running MILP presolver
   (0.2s) MILP presolver (2 rounds): 0 aggregations, 3 fixings, 0 bound changes
(round 4, exhaustive) 10355 del vars, 198 del conss, 65 add conss, 3065 chg bounds, 5214 chg sides, 8873 chg coeffs, 0 upgd conss, 75 impls, 3350 clqs
(round 5, exhaustive) 10355 del vars, 198 del conss, 65 add conss, 3065 chg bounds, 5214 chg sides, 8873 chg coeffs, 92 upgd conss, 75 impls, 3350 clqs
(round 6, medium)     10355 del vars, 201 del conss, 68 add conss, 3065 chg bounds, 5217 chg sides, 9261 chg coeffs, 92 upgd conss, 75 impls, 3350 clqs
(round 7, exhaustive) 10355 del vars, 204 del conss, 68 add conss, 3065 chg bounds, 5217 chg sides, 9261 chg coeffs, 92 upgd conss, 75 impls, 3350 clqs
   (0.3s) sparsify aborted: 72/50495 (0.1%) nonzeros canceled - in total 72 canceled nonzeros, 7418 changed coefficients, 0 added nonzeros
(round 8, exhaustive) 10355 del vars, 204 del conss, 68 add conss, 3065 chg bounds, 5217 chg sides, 16679 chg coeffs, 92 upgd conss, 75 impls, 3350 clqs
(round 9, fast)       10355 del vars, 204 del conss, 85 add conss, 3065 chg bounds, 5217 chg sides, 17459 chg coeffs, 92 upgd conss, 75 impls, 3350 clqs
(round 10, fast)       10355 del vars, 204 del conss, 85 add conss, 3065 chg bounds, 7146 chg sides, 19937 chg coeffs, 92 upgd conss, 75 impls, 3350 clqs
(round 11, medium)     10373 del vars, 204 del conss, 85 add conss, 3065 chg bounds, 7164 chg sides, 19955 chg coeffs, 92 upgd conss, 75 impls, 3350 clqs
(round 12, fast)       10373 del vars, 204 del conss, 85 add conss, 3065 chg bounds, 7166 chg sides, 19955 chg coeffs, 92 upgd conss, 75 impls, 3350 clqs
(round 13, exhaustive) 10373 del vars, 204 del conss, 85 add conss, 3065 chg bounds, 7168 chg sides, 19955 chg coeffs, 92 upgd conss, 75 impls, 3350 clqs
(round 14, exhaustive) 10398 del vars, 204 del conss, 85 add conss, 3065 chg bounds, 7168 chg sides, 19955 chg coeffs, 92 upgd conss, 75 impls, 3345 clqs
(round 15, fast)       10398 del vars, 205 del conss, 112 add conss, 3065 chg bounds, 7170 chg sides, 20210 chg coeffs, 92 upgd conss, 83 impls, 3347 clqs
(round 16, fast)       10398 del vars, 205 del conss, 112 add conss, 3065 chg bounds, 9903 chg sides, 24025 chg coeffs, 92 upgd conss, 83 impls, 3347 clqs
(round 17, exhaustive) 10398 del vars, 231 del conss, 112 add conss, 3065 chg bounds, 9909 chg sides, 24025 chg coeffs, 92 upgd conss, 83 impls, 3347 clqs
(round 18, exhaustive) 10423 del vars, 231 del conss, 112 add conss, 3065 chg bounds, 9909 chg sides, 24025 chg coeffs, 92 upgd conss, 83 impls, 3342 clqs
(round 19, fast)       10423 del vars, 233 del conss, 136 add conss, 3065 chg bounds, 9912 chg sides, 24025 chg coeffs, 92 upgd conss, 85 impls, 3344 clqs
(round 20, fast)       10423 del vars, 233 del conss, 136 add conss, 3065 chg bounds, 12248 chg sides, 27476 chg coeffs, 92 upgd conss, 85 impls, 3344 clqs
(round 21, exhaustive) 10423 del vars, 255 del conss, 136 add conss, 3065 chg bounds, 12253 chg sides, 27476 chg coeffs, 92 upgd conss, 85 impls, 3344 clqs
(round 22, exhaustive) 10448 del vars, 255 del conss, 136 add conss, 3065 chg bounds, 12253 chg sides, 27476 chg coeffs, 92 upgd conss, 85 impls, 3337 clqs
(round 23, fast)       10448 del vars, 256 del conss, 159 add conss, 3065 chg bounds, 12254 chg sides, 27618 chg coeffs, 92 upgd conss, 85 impls, 3339 clqs
(round 24, fast)       10448 del vars, 256 del conss, 159 add conss, 3065 chg bounds, 14592 chg sides, 30984 chg coeffs, 92 upgd conss, 85 impls, 3339 clqs
(round 25, exhaustive) 10448 del vars, 278 del conss, 159 add conss, 3065 chg bounds, 14595 chg sides, 30984 chg coeffs, 92 upgd conss, 85 impls, 3339 clqs
   (0.4s) sparsify aborted: 6/50255 (0.0%) nonzeros canceled - in total 78 canceled nonzeros, 8121 changed coefficients, 0 added nonzeros
(round 26, exhaustive) 10448 del vars, 278 del conss, 159 add conss, 3065 chg bounds, 14595 chg sides, 31687 chg coeffs, 92 upgd conss, 85 impls, 3339 clqs
(round 27, fast)       10448 del vars, 278 del conss, 161 add conss, 3065 chg bounds, 14595 chg sides, 31687 chg coeffs, 92 upgd conss, 85 impls, 3339 clqs
(round 28, fast)       10448 del vars, 278 del conss, 161 add conss, 3065 chg bounds, 14778 chg sides, 32089 chg coeffs, 92 upgd conss, 85 impls, 3339 clqs
(round 29, exhaustive) 10473 del vars, 278 del conss, 161 add conss, 3065 chg bounds, 14778 chg sides, 32089 chg coeffs, 92 upgd conss, 85 impls, 3332 clqs
(round 30, fast)       10473 del vars, 281 del conss, 186 add conss, 3065 chg bounds, 14782 chg sides, 32089 chg coeffs, 92 upgd conss, 85 impls, 3334 clqs
(round 31, fast)       10473 del vars, 281 del conss, 186 add conss, 3065 chg bounds, 17288 chg sides, 35636 chg coeffs, 92 upgd conss, 85 impls, 3334 clqs
(round 32, exhaustive) 10473 del vars, 305 del conss, 186 add conss, 3065 chg bounds, 17294 chg sides, 35636 chg coeffs, 92 upgd conss, 85 impls, 3334 clqs
(round 33, exhaustive) 10498 del vars, 305 del conss, 186 add conss, 3065 chg bounds, 17294 chg sides, 35636 chg coeffs, 92 upgd conss, 85 impls, 3329 clqs
(round 34, fast)       10498 del vars, 306 del conss, 212 add conss, 3065 chg bounds, 17299 chg sides, 35786 chg coeffs, 92 upgd conss, 85 impls, 3332 clqs
(round 35, fast)       10498 del vars, 306 del conss, 212 add conss, 3065 chg bounds, 20293 chg sides, 39497 chg coeffs, 92 upgd conss, 85 impls, 3332 clqs
(round 36, exhaustive) 10498 del vars, 332 del conss, 212 add conss, 3065 chg bounds, 20300 chg sides, 39497 chg coeffs, 92 upgd conss, 85 impls, 3332 clqs
(round 37, exhaustive) 10523 del vars, 332 del conss, 212 add conss, 3065 chg bounds, 20300 chg sides, 39497 chg coeffs, 92 upgd conss, 85 impls, 3331 clqs
(round 38, fast)       10523 del vars, 334 del conss, 235 add conss, 3065 chg bounds, 20305 chg sides, 39497 chg coeffs, 92 upgd conss, 85 impls, 3332 clqs
(round 39, fast)       10523 del vars, 334 del conss, 235 add conss, 3065 chg bounds, 22356 chg sides, 42863 chg coeffs, 92 upgd conss, 85 impls, 3332 clqs
(round 40, exhaustive) 10523 del vars, 357 del conss, 235 add conss, 3065 chg bounds, 22361 chg sides, 42863 chg coeffs, 92 upgd conss, 85 impls, 3332 clqs
   (0.6s) sparsify aborted: 18/50068 (0.0%) nonzeros canceled - in total 96 canceled nonzeros, 10261 changed coefficients, 0 added nonzeros
(round 41, exhaustive) 10523 del vars, 357 del conss, 235 add conss, 3065 chg bounds, 22361 chg sides, 45003 chg coeffs, 92 upgd conss, 85 impls, 3332 clqs
(round 42, fast)       10523 del vars, 357 del conss, 240 add conss, 3065 chg bounds, 22361 chg sides, 45003 chg coeffs, 92 upgd conss, 85 impls, 3332 clqs
(round 43, fast)       10523 del vars, 357 del conss, 240 add conss, 3065 chg bounds, 23169 chg sides, 45947 chg coeffs, 92 upgd conss, 85 impls, 3332 clqs
(round 44, medium)     10524 del vars, 357 del conss, 240 add conss, 3065 chg bounds, 23170 chg sides, 45948 chg coeffs, 92 upgd conss, 85 impls, 3332 clqs
(round 45, fast)       10524 del vars, 357 del conss, 240 add conss, 3065 chg bounds, 23171 chg sides, 45948 chg coeffs, 92 upgd conss, 85 impls, 3332 clqs
(round 46, exhaustive) 10549 del vars, 357 del conss, 240 add conss, 3065 chg bounds, 23171 chg sides, 45948 chg coeffs, 92 upgd conss, 85 impls, 3329 clqs
(round 47, fast)       10549 del vars, 360 del conss, 264 add conss, 3065 chg bounds, 23424 chg sides, 46460 chg coeffs, 92 upgd conss, 85 impls, 3332 clqs
(round 48, fast)       10549 del vars, 360 del conss, 264 add conss, 3065 chg bounds, 26090 chg sides, 50100 chg coeffs, 92 upgd conss, 85 impls, 3332 clqs
(round 49, exhaustive) 10549 del vars, 382 del conss, 264 add conss, 3065 chg bounds, 26094 chg sides, 50100 chg coeffs, 92 upgd conss, 85 impls, 3332 clqs
(round 50, exhaustive) 10574 del vars, 382 del conss, 264 add conss, 3065 chg bounds, 26094 chg sides, 50100 chg coeffs, 92 upgd conss, 85 impls, 3325 clqs
(round 51, fast)       10574 del vars, 387 del conss, 286 add conss, 3065 chg bounds, 26318 chg sides, 50560 chg coeffs, 92 upgd conss, 85 impls, 3329 clqs
(round 52, fast)       10574 del vars, 387 del conss, 286 add conss, 3065 chg bounds, 28768 chg sides, 53837 chg coeffs, 92 upgd conss, 85 impls, 3329 clqs
(round 53, exhaustive) 10574 del vars, 404 del conss, 286 add conss, 3065 chg bounds, 28772 chg sides, 53837 chg coeffs, 92 upgd conss, 85 impls, 3329 clqs
(round 54, exhaustive) 10599 del vars, 404 del conss, 286 add conss, 3065 chg bounds, 28772 chg sides, 53837 chg coeffs, 92 upgd conss, 85 impls, 3323 clqs
(round 55, fast)       10599 del vars, 406 del conss, 301 add conss, 3065 chg bounds, 28918 chg sides, 54174 chg coeffs, 92 upgd conss, 85 impls, 3329 clqs
(round 56, fast)       10599 del vars, 406 del conss, 301 add conss, 3065 chg bounds, 30967 chg sides, 56697 chg coeffs, 92 upgd conss, 85 impls, 3329 clqs
(round 57, exhaustive) 10599 del vars, 416 del conss, 301 add conss, 3065 chg bounds, 30972 chg sides, 56697 chg coeffs, 92 upgd conss, 85 impls, 3329 clqs
   (0.8s) sparsify aborted: 12/49840 (0.0%) nonzeros canceled - in total 108 canceled nonzeros, 11701 changed coefficients, 0 added nonzeros
(round 58, exhaustive) 10599 del vars, 416 del conss, 301 add conss, 3065 chg bounds, 30972 chg sides, 58137 chg coeffs, 92 upgd conss, 85 impls, 3329 clqs
(round 59, fast)       10599 del vars, 416 del conss, 304 add conss, 3065 chg bounds, 30972 chg sides, 58137 chg coeffs, 92 upgd conss, 85 impls, 3329 clqs
(round 60, fast)       10599 del vars, 416 del conss, 304 add conss, 3065 chg bounds, 31607 chg sides, 58803 chg coeffs, 92 upgd conss, 85 impls, 3329 clqs
(round 61, exhaustive) 10624 del vars, 416 del conss, 304 add conss, 3065 chg bounds, 31607 chg sides, 58803 chg coeffs, 92 upgd conss, 85 impls, 3323 clqs
(round 62, fast)       10624 del vars, 421 del conss, 330 add conss, 3065 chg bounds, 31807 chg sides, 59136 chg coeffs, 92 upgd conss, 85 impls, 3333 clqs
(round 63, fast)       10624 del vars, 421 del conss, 330 add conss, 3065 chg bounds, 34574 chg sides, 62797 chg coeffs, 92 upgd conss, 85 impls, 3333 clqs
(round 64, exhaustive) 10624 del vars, 444 del conss, 330 add conss, 3065 chg bounds, 34581 chg sides, 62797 chg coeffs, 92 upgd conss, 85 impls, 3333 clqs
(round 65, exhaustive) 10649 del vars, 444 del conss, 330 add conss, 3065 chg bounds, 34581 chg sides, 62797 chg coeffs, 92 upgd conss, 85 impls, 3329 clqs
(round 66, fast)       10649 del vars, 449 del conss, 356 add conss, 3065 chg bounds, 34589 chg sides, 62797 chg coeffs, 92 upgd conss, 85 impls, 3330 clqs
(round 67, fast)       10649 del vars, 449 del conss, 356 add conss, 3065 chg bounds, 37545 chg sides, 66535 chg coeffs, 92 upgd conss, 85 impls, 3330 clqs
(round 68, exhaustive) 10649 del vars, 471 del conss, 356 add conss, 3065 chg bounds, 37554 chg sides, 66535 chg coeffs, 92 upgd conss, 85 impls, 3330 clqs
(round 69, exhaustive) 10674 del vars, 471 del conss, 356 add conss, 3065 chg bounds, 37554 chg sides, 66535 chg coeffs, 92 upgd conss, 85 impls, 3323 clqs
(round 70, fast)       10674 del vars, 477 del conss, 381 add conss, 3065 chg bounds, 37752 chg sides, 66873 chg coeffs, 92 upgd conss, 85 impls, 3329 clqs
(round 71, fast)       10674 del vars, 477 del conss, 381 add conss, 3065 chg bounds, 40451 chg sides, 70529 chg coeffs, 92 upgd conss, 85 impls, 3329 clqs
(round 72, exhaustive) 10674 del vars, 495 del conss, 381 add conss, 3065 chg bounds, 40457 chg sides, 70529 chg coeffs, 92 upgd conss, 85 impls, 3329 clqs
(round 73, exhaustive) 10699 del vars, 495 del conss, 381 add conss, 3065 chg bounds, 40457 chg sides, 70529 chg coeffs, 92 upgd conss, 85 impls, 3323 clqs
(round 74, fast)       10699 del vars, 500 del conss, 393 add conss, 3065 chg bounds, 40460 chg sides, 70771 chg coeffs, 92 upgd conss, 85 impls, 3325 clqs
(round 75, fast)       10699 del vars, 500 del conss, 393 add conss, 3065 chg bounds, 41805 chg sides, 72580 chg coeffs, 92 upgd conss, 85 impls, 3325 clqs
(round 76, exhaustive) 10699 del vars, 511 del conss, 393 add conss, 3065 chg bounds, 41806 chg sides, 72580 chg coeffs, 92 upgd conss, 85 impls, 3325 clqs
(round 77, exhaustive) 10724 del vars, 511 del conss, 393 add conss, 3065 chg bounds, 41806 chg sides, 72580 chg coeffs, 92 upgd conss, 85 impls, 3320 clqs
(round 78, fast)       10724 del vars, 513 del conss, 415 add conss, 3065 chg bounds, 41816 chg sides, 72820 chg coeffs, 92 upgd conss, 85 impls, 3322 clqs
(round 79, fast)       10724 del vars, 513 del conss, 415 add conss, 3065 chg bounds, 43560 chg sides, 75891 chg coeffs, 92 upgd conss, 85 impls, 3322 clqs
(round 80, exhaustive) 10724 del vars, 532 del conss, 415 add conss, 3065 chg bounds, 43562 chg sides, 75891 chg coeffs, 92 upgd conss, 85 impls, 3322 clqs
(round 81, exhaustive) 10749 del vars, 532 del conss, 415 add conss, 3065 chg bounds, 43562 chg sides, 75891 chg coeffs, 92 upgd conss, 85 impls, 3318 clqs
(round 82, fast)       10749 del vars, 535 del conss, 436 add conss, 3065 chg bounds, 43564 chg sides, 76130 chg coeffs, 92 upgd conss, 85 impls, 3323 clqs
(round 83, fast)       10749 del vars, 535 del conss, 436 add conss, 3065 chg bounds, 46201 chg sides, 79127 chg coeffs, 92 upgd conss, 85 impls, 3323 clqs
(round 84, exhaustive) 10749 del vars, 554 del conss, 436 add conss, 3065 chg bounds, 46208 chg sides, 79127 chg coeffs, 92 upgd conss, 85 impls, 3323 clqs
(round 85, exhaustive) 10774 del vars, 554 del conss, 436 add conss, 3065 chg bounds, 46208 chg sides, 79127 chg coeffs, 92 upgd conss, 85 impls, 3317 clqs
(round 86, fast)       10774 del vars, 556 del conss, 456 add conss, 3065 chg bounds, 46213 chg sides, 79364 chg coeffs, 92 upgd conss, 85 impls, 3321 clqs
(round 87, fast)       10774 del vars, 556 del conss, 456 add conss, 3065 chg bounds, 48335 chg sides, 82097 chg coeffs, 92 upgd conss, 85 impls, 3321 clqs
(round 88, exhaustive) 10774 del vars, 572 del conss, 456 add conss, 3065 chg bounds, 48339 chg sides, 82097 chg coeffs, 92 upgd conss, 85 impls, 3321 clqs
(round 89, exhaustive) 10799 del vars, 572 del conss, 456 add conss, 3065 chg bounds, 48339 chg sides, 82097 chg coeffs, 92 upgd conss, 85 impls, 3311 clqs
(round 90, fast)       10799 del vars, 578 del conss, 477 add conss, 3065 chg bounds, 48347 chg sides, 82493 chg coeffs, 92 upgd conss, 85 impls, 3322 clqs
(round 91, fast)       10799 del vars, 578 del conss, 477 add conss, 3065 chg bounds, 50614 chg sides, 85687 chg coeffs, 92 upgd conss, 85 impls, 3322 clqs
(round 92, exhaustive) 10799 del vars, 594 del conss, 477 add conss, 3065 chg bounds, 50619 chg sides, 85687 chg coeffs, 92 upgd conss, 85 impls, 3322 clqs
   (1.1s) sparsify aborted: 12/49240 (0.0%) nonzeros canceled - in total 120 canceled nonzeros, 13071 changed coefficients, 0 added nonzeros
(round 93, exhaustive) 10799 del vars, 594 del conss, 477 add conss, 3065 chg bounds, 50619 chg sides, 87057 chg coeffs, 92 upgd conss, 85 impls, 3322 clqs
(round 94, fast)       10799 del vars, 594 del conss, 479 add conss, 3065 chg bounds, 50619 chg sides, 87057 chg coeffs, 92 upgd conss, 85 impls, 3322 clqs
(round 95, fast)       10799 del vars, 594 del conss, 479 add conss, 3065 chg bounds, 50711 chg sides, 87481 chg coeffs, 92 upgd conss, 85 impls, 3322 clqs
(round 96, medium)     10800 del vars, 594 del conss, 479 add conss, 3065 chg bounds, 50712 chg sides, 87482 chg coeffs, 92 upgd conss, 85 impls, 3322 clqs
(round 97, exhaustive) 10825 del vars, 594 del conss, 479 add conss, 3065 chg bounds, 50712 chg sides, 87482 chg coeffs, 92 upgd conss, 85 impls, 3319 clqs
(round 98, fast)       10825 del vars, 595 del conss, 503 add conss, 3065 chg bounds, 50716 chg sides, 87482 chg coeffs, 92 upgd conss, 85 impls, 3322 clqs
(round 99, fast)       10825 del vars, 595 del conss, 503 add conss, 3065 chg bounds, 53280 chg sides, 90836 chg coeffs, 92 upgd conss, 85 impls, 3322 clqs
(round 100, exhaustive) 10825 del vars, 612 del conss, 503 add conss, 3065 chg bounds, 53285 chg sides, 90836 chg coeffs, 92 upgd conss, 85 impls, 3322 clqs
(round 101, exhaustive) 10850 del vars, 612 del conss, 503 add conss, 3065 chg bounds, 53285 chg sides, 90836 chg coeffs, 92 upgd conss, 85 impls, 3313 clqs
(round 102, fast)       10850 del vars, 617 del conss, 528 add conss, 3065 chg bounds, 53287 chg sides, 90836 chg coeffs, 92 upgd conss, 85 impls, 3320 clqs
(round 103, fast)       10850 del vars, 617 del conss, 528 add conss, 3065 chg bounds, 56101 chg sides, 94561 chg coeffs, 92 upgd conss, 85 impls, 3320 clqs
(round 104, exhaustive) 10850 del vars, 636 del conss, 528 add conss, 3065 chg bounds, 56105 chg sides, 94561 chg coeffs, 92 upgd conss, 85 impls, 3320 clqs
(round 105, exhaustive) 10875 del vars, 636 del conss, 528 add conss, 3065 chg bounds, 56105 chg sides, 94561 chg coeffs, 92 upgd conss, 85 impls, 3313 clqs
(round 106, fast)       10875 del vars, 643 del conss, 547 add conss, 3065 chg bounds, 56117 chg sides, 94970 chg coeffs, 92 upgd conss, 85 impls, 3318 clqs
(round 107, fast)       10875 del vars, 643 del conss, 547 add conss, 3065 chg bounds, 57816 chg sides, 97738 chg coeffs, 92 upgd conss, 85 impls, 3318 clqs
(round 108, exhaustive) 10875 del vars, 662 del conss, 547 add conss, 3065 chg bounds, 57822 chg sides, 97738 chg coeffs, 92 upgd conss, 85 impls, 3318 clqs
(round 109, exhaustive) 10900 del vars, 662 del conss, 547 add conss, 3065 chg bounds, 57822 chg sides, 97738 chg coeffs, 92 upgd conss, 85 impls, 3311 clqs
(round 110, fast)       10900 del vars, 665 del conss, 564 add conss, 3065 chg bounds, 57828 chg sides, 97738 chg coeffs, 92 upgd conss, 85 impls, 3319 clqs
(round 111, fast)       10900 del vars, 665 del conss, 564 add conss, 3065 chg bounds, 58970 chg sides, 100170 chg coeffs, 92 upgd conss, 85 impls, 3319 clqs
(round 112, exhaustive) 10900 del vars, 677 del conss, 564 add conss, 3065 chg bounds, 58971 chg sides, 100170 chg coeffs, 92 upgd conss, 85 impls, 3319 clqs
(round 113, exhaustive) 10925 del vars, 677 del conss, 564 add conss, 3065 chg bounds, 58971 chg sides, 100170 chg coeffs, 92 upgd conss, 85 impls, 3311 clqs
(round 114, fast)       10925 del vars, 680 del conss, 589 add conss, 3065 chg bounds, 58974 chg sides, 100324 chg coeffs, 92 upgd conss, 85 impls, 3318 clqs
(round 115, fast)       10925 del vars, 680 del conss, 589 add conss, 3065 chg bounds, 61281 chg sides, 103791 chg coeffs, 92 upgd conss, 85 impls, 3318 clqs
(round 116, exhaustive) 10925 del vars, 700 del conss, 589 add conss, 3065 chg bounds, 61283 chg sides, 103791 chg coeffs, 92 upgd conss, 85 impls, 3318 clqs
(round 117, exhaustive) 10950 del vars, 700 del conss, 589 add conss, 3065 chg bounds, 61283 chg sides, 103791 chg coeffs, 92 upgd conss, 85 impls, 3305 clqs
(round 118, fast)       10950 del vars, 704 del conss, 608 add conss, 3065 chg bounds, 61422 chg sides, 103975 chg coeffs, 92 upgd conss, 85 impls, 3324 clqs
(round 119, fast)       10950 del vars, 704 del conss, 608 add conss, 3065 chg bounds, 63240 chg sides, 106573 chg coeffs, 92 upgd conss, 85 impls, 3324 clqs
(round 120, exhaustive) 10950 del vars, 721 del conss, 608 add conss, 3065 chg bounds, 63242 chg sides, 106573 chg coeffs, 92 upgd conss, 85 impls, 3324 clqs
(round 121, exhaustive) 10975 del vars, 721 del conss, 608 add conss, 3065 chg bounds, 63242 chg sides, 106573 chg coeffs, 92 upgd conss, 85 impls, 3314 clqs
(round 122, fast)       10975 del vars, 724 del conss, 634 add conss, 3065 chg bounds, 63248 chg sides, 106573 chg coeffs, 92 upgd conss, 85 impls, 3323 clqs
(round 123, fast)       10975 del vars, 724 del conss, 634 add conss, 3065 chg bounds, 65594 chg sides, 110329 chg coeffs, 92 upgd conss, 85 impls, 3323 clqs
(round 124, exhaustive) 10975 del vars, 745 del conss, 634 add conss, 3065 chg bounds, 65598 chg sides, 110329 chg coeffs, 92 upgd conss, 85 impls, 3323 clqs
(round 125, exhaustive) 11000 del vars, 745 del conss, 634 add conss, 3065 chg bounds, 65598 chg sides, 110329 chg coeffs, 92 upgd conss, 85 impls, 3311 clqs
(round 126, fast)       11000 del vars, 749 del conss, 654 add conss, 3065 chg bounds, 65602 chg sides, 110678 chg coeffs, 92 upgd conss, 85 impls, 3338 clqs
(round 127, fast)       11000 del vars, 749 del conss, 654 add conss, 3065 chg bounds, 67564 chg sides, 113592 chg coeffs, 92 upgd conss, 85 impls, 3338 clqs
(round 128, exhaustive) 11000 del vars, 767 del conss, 654 add conss, 3065 chg bounds, 67567 chg sides, 113592 chg coeffs, 92 upgd conss, 85 impls, 3338 clqs
   (1.5s) sparsify aborted: 6/48637 (0.0%) nonzeros canceled - in total 126 canceled nonzeros, 13707 changed coefficients, 0 added nonzeros
(round 129, exhaustive) 11000 del vars, 767 del conss, 654 add conss, 3065 chg bounds, 67567 chg sides, 114228 chg coeffs, 92 upgd conss, 85 impls, 3338 clqs
(round 130, fast)       11000 del vars, 767 del conss, 656 add conss, 3065 chg bounds, 67567 chg sides, 114228 chg coeffs, 92 upgd conss, 85 impls, 3338 clqs
(round 131, fast)       11000 del vars, 767 del conss, 656 add conss, 3065 chg bounds, 67750 chg sides, 114582 chg coeffs, 92 upgd conss, 85 impls, 3338 clqs
(round 132, medium)     11001 del vars, 767 del conss, 656 add conss, 3065 chg bounds, 67751 chg sides, 114583 chg coeffs, 92 upgd conss, 85 impls, 3338 clqs
(round 133, fast)       11001 del vars, 767 del conss, 656 add conss, 3065 chg bounds, 67752 chg sides, 114583 chg coeffs, 92 upgd conss, 85 impls, 3338 clqs
(round 134, exhaustive) 11026 del vars, 767 del conss, 656 add conss, 3065 chg bounds, 67752 chg sides, 114583 chg coeffs, 92 upgd conss, 85 impls, 3329 clqs
(round 135, fast)       11026 del vars, 773 del conss, 679 add conss, 3065 chg bounds, 67754 chg sides, 114583 chg coeffs, 92 upgd conss, 85 impls, 3336 clqs
(round 136, fast)       11026 del vars, 773 del conss, 679 add conss, 3065 chg bounds, 70026 chg sides, 117776 chg coeffs, 92 upgd conss, 85 impls, 3336 clqs
(round 137, exhaustive) 11026 del vars, 788 del conss, 679 add conss, 3065 chg bounds, 70029 chg sides, 117776 chg coeffs, 92 upgd conss, 85 impls, 3336 clqs
(round 138, exhaustive) 11051 del vars, 788 del conss, 679 add conss, 3065 chg bounds, 70029 chg sides, 117776 chg coeffs, 92 upgd conss, 85 impls, 3322 clqs
(round 139, fast)       11051 del vars, 793 del conss, 700 add conss, 3065 chg bounds, 70033 chg sides, 117776 chg coeffs, 92 upgd conss, 85 impls, 3332 clqs
(round 140, fast)       11051 del vars, 793 del conss, 700 add conss, 3065 chg bounds, 72190 chg sides, 120871 chg coeffs, 92 upgd conss, 85 impls, 3332 clqs
(round 141, exhaustive) 11051 del vars, 807 del conss, 700 add conss, 3065 chg bounds, 72196 chg sides, 120871 chg coeffs, 92 upgd conss, 85 impls, 3332 clqs
(round 142, exhaustive) 11076 del vars, 807 del conss, 700 add conss, 3065 chg bounds, 72196 chg sides, 120871 chg coeffs, 92 upgd conss, 85 impls, 3323 clqs
(round 143, fast)       11076 del vars, 810 del conss, 723 add conss, 3065 chg bounds, 72197 chg sides, 120871 chg coeffs, 92 upgd conss, 85 impls, 3328 clqs
(round 144, fast)       11076 del vars, 810 del conss, 723 add conss, 3065 chg bounds, 74401 chg sides, 123941 chg coeffs, 92 upgd conss, 85 impls, 3328 clqs
(round 145, exhaustive) 11076 del vars, 829 del conss, 723 add conss, 3065 chg bounds, 74406 chg sides, 123941 chg coeffs, 92 upgd conss, 85 impls, 3328 clqs
(round 146, exhaustive) 11101 del vars, 829 del conss, 723 add conss, 3065 chg bounds, 74406 chg sides, 123941 chg coeffs, 92 upgd conss, 85 impls, 3315 clqs
(round 147, fast)       11101 del vars, 832 del conss, 742 add conss, 3065 chg bounds, 74410 chg sides, 123941 chg coeffs, 92 upgd conss, 85 impls, 3324 clqs
(round 148, fast)       11101 del vars, 832 del conss, 742 add conss, 3065 chg bounds, 76222 chg sides, 126555 chg coeffs, 92 upgd conss, 85 impls, 3324 clqs
(round 149, exhaustive) 11101 del vars, 849 del conss, 742 add conss, 3065 chg bounds, 76228 chg sides, 126555 chg coeffs, 92 upgd conss, 85 impls, 3324 clqs
(round 150, exhaustive) 11126 del vars, 849 del conss, 742 add conss, 3065 chg bounds, 76228 chg sides, 126555 chg coeffs, 92 upgd conss, 85 impls, 3315 clqs
(round 151, fast)       11126 del vars, 854 del conss, 763 add conss, 3065 chg bounds, 76234 chg sides, 126711 chg coeffs, 92 upgd conss, 85 impls, 3322 clqs
(round 152, fast)       11126 del vars, 854 del conss, 763 add conss, 3065 chg bounds, 78329 chg sides, 129610 chg coeffs, 92 upgd conss, 85 impls, 3322 clqs
(round 153, exhaustive) 11126 del vars, 874 del conss, 763 add conss, 3065 chg bounds, 78333 chg sides, 129610 chg coeffs, 92 upgd conss, 85 impls, 3322 clqs
(round 154, exhaustive) 11151 del vars, 874 del conss, 763 add conss, 3065 chg bounds, 78333 chg sides, 129610 chg coeffs, 92 upgd conss, 85 impls, 3306 clqs
(round 155, fast)       11151 del vars, 875 del conss, 791 add conss, 3065 chg bounds, 78474 chg sides, 130113 chg coeffs, 92 upgd conss, 85 impls, 3319 clqs
(round 156, fast)       11151 del vars, 875 del conss, 791 add conss, 3065 chg bounds, 81319 chg sides, 133839 chg coeffs, 92 upgd conss, 85 impls, 3319 clqs
(round 157, exhaustive) 11151 del vars, 898 del conss, 791 add conss, 3065 chg bounds, 81324 chg sides, 133839 chg coeffs, 92 upgd conss, 85 impls, 3319 clqs
(round 158, exhaustive) 11176 del vars, 898 del conss, 791 add conss, 3065 chg bounds, 81324 chg sides, 133839 chg coeffs, 92 upgd conss, 85 impls, 3306 clqs
(round 159, fast)       11176 del vars, 902 del conss, 816 add conss, 3065 chg bounds, 81330 chg sides, 134143 chg coeffs, 92 upgd conss, 85 impls, 3317 clqs
(round 160, fast)       11176 del vars, 902 del conss, 816 add conss, 3065 chg bounds, 83594 chg sides, 137491 chg coeffs, 92 upgd conss, 85 impls, 3317 clqs
(round 161, exhaustive) 11176 del vars, 926 del conss, 816 add conss, 3065 chg bounds, 83599 chg sides, 137491 chg coeffs, 92 upgd conss, 85 impls, 3317 clqs
(round 162, fast)       11176 del vars, 926 del conss, 816 add conss, 3065 chg bounds, 83749 chg sides, 137644 chg coeffs, 92 upgd conss, 85 impls, 3317 clqs
(round 163, exhaustive) 11201 del vars, 926 del conss, 816 add conss, 3065 chg bounds, 83749 chg sides, 137644 chg coeffs, 92 upgd conss, 85 impls, 3307 clqs
(round 164, fast)       11201 del vars, 932 del conss, 840 add conss, 3065 chg bounds, 83754 chg sides, 137793 chg coeffs, 92 upgd conss, 85 impls, 3332 clqs
(round 165, fast)       11201 del vars, 932 del conss, 840 add conss, 3065 chg bounds, 86207 chg sides, 141099 chg coeffs, 92 upgd conss, 85 impls, 3332 clqs
(round 166, exhaustive) 11201 del vars, 950 del conss, 840 add conss, 3065 chg bounds, 86211 chg sides, 141099 chg coeffs, 92 upgd conss, 85 impls, 3332 clqs
(round 167, exhaustive) 11226 del vars, 950 del conss, 840 add conss, 3065 chg bounds, 86211 chg sides, 141099 chg coeffs, 92 upgd conss, 85 impls, 3321 clqs
(round 168, fast)       11226 del vars, 953 del conss, 870 add conss, 3065 chg bounds, 86345 chg sides, 141424 chg coeffs, 92 upgd conss, 85 impls, 3329 clqs
(round 169, fast)       11226 del vars, 953 del conss, 870 add conss, 3065 chg bounds, 89007 chg sides, 145341 chg coeffs, 92 upgd conss, 85 impls, 3329 clqs
(round 170, exhaustive) 11226 del vars, 976 del conss, 870 add conss, 3065 chg bounds, 89012 chg sides, 145341 chg coeffs, 92 upgd conss, 85 impls, 3329 clqs
(round 171, exhaustive) 11251 del vars, 976 del conss, 870 add conss, 3065 chg bounds, 89012 chg sides, 145341 chg coeffs, 92 upgd conss, 85 impls, 3311 clqs
(round 172, fast)       11251 del vars, 980 del conss, 888 add conss, 3065 chg bounds, 89015 chg sides, 145341 chg coeffs, 92 upgd conss, 85 impls, 3321 clqs
(round 173, fast)       11251 del vars, 980 del conss, 888 add conss, 3065 chg bounds, 91078 chg sides, 147757 chg coeffs, 92 upgd conss, 85 impls, 3321 clqs
(round 174, exhaustive) 11251 del vars, 995 del conss, 888 add conss, 3065 chg bounds, 91081 chg sides, 147757 chg coeffs, 92 upgd conss, 85 impls, 3321 clqs
(round 175, exhaustive) 11276 del vars, 995 del conss, 888 add conss, 3065 chg bounds, 91081 chg sides, 147757 chg coeffs, 92 upgd conss, 85 impls, 3309 clqs
(round 176, fast)       11276 del vars, 997 del conss, 915 add conss, 3065 chg bounds, 91243 chg sides, 148093 chg coeffs, 92 upgd conss, 85 impls, 3318 clqs
(round 177, fast)       11276 del vars, 997 del conss, 915 add conss, 3065 chg bounds, 93152 chg sides, 151683 chg coeffs, 92 upgd conss, 85 impls, 3318 clqs
(round 178, exhaustive) 11276 del vars, 1022 del conss, 915 add conss, 3065 chg bounds, 93155 chg sides, 151683 chg coeffs, 92 upgd conss, 85 impls, 3318 clqs
(round 179, exhaustive) 11301 del vars, 1022 del conss, 915 add conss, 3065 chg bounds, 93155 chg sides, 151683 chg coeffs, 92 upgd conss, 85 impls, 3313 clqs
(round 180, fast)       11301 del vars, 1026 del conss, 937 add conss, 3065 chg bounds, 93158 chg sides, 151683 chg coeffs, 92 upgd conss, 85 impls, 3320 clqs
(round 181, fast)       11301 del vars, 1026 del conss, 937 add conss, 3065 chg bounds, 95000 chg sides, 154461 chg coeffs, 92 upgd conss, 85 impls, 3320 clqs
(round 182, exhaustive) 11301 del vars, 1045 del conss, 937 add conss, 3065 chg bounds, 95001 chg sides, 154461 chg coeffs, 92 upgd conss, 85 impls, 3320 clqs
(round 183, exhaustive) 11326 del vars, 1045 del conss, 937 add conss, 3065 chg bounds, 95001 chg sides, 154461 chg coeffs, 92 upgd conss, 85 impls, 3307 clqs
(round 184, fast)       11326 del vars, 1049 del conss, 961 add conss, 3065 chg bounds, 95008 chg sides, 154461 chg coeffs, 92 upgd conss, 85 impls, 3318 clqs
(round 185, fast)       11326 del vars, 1049 del conss, 961 add conss, 3065 chg bounds, 96961 chg sides, 157432 chg coeffs, 92 upgd conss, 85 impls, 3318 clqs
(round 186, exhaustive) 11326 del vars, 1071 del conss, 961 add conss, 3065 chg bounds, 96965 chg sides, 157432 chg coeffs, 92 upgd conss, 85 impls, 3318 clqs
(round 187, exhaustive) 11351 del vars, 1071 del conss, 961 add conss, 3065 chg bounds, 96965 chg sides, 157432 chg coeffs, 92 upgd conss, 85 impls, 3306 clqs
(round 188, fast)       11351 del vars, 1075 del conss, 978 add conss, 3065 chg bounds, 97093 chg sides, 157743 chg coeffs, 92 upgd conss, 85 impls, 3310 clqs
(round 189, fast)       11351 del vars, 1075 del conss, 978 add conss, 3065 chg bounds, 98795 chg sides, 159884 chg coeffs, 92 upgd conss, 85 impls, 3310 clqs
(round 190, exhaustive) 11351 del vars, 1092 del conss, 978 add conss, 3065 chg bounds, 98799 chg sides, 159884 chg coeffs, 92 upgd conss, 85 impls, 3310 clqs
   (2.0s) probing: 1000/7950 (12.6%) - 999 fixings, 0 aggregations, 0 implications, 0 bound changes
(round 191, exhaustive) 11376 del vars, 1092 del conss, 978 add conss, 3065 chg bounds, 98799 chg sides, 159884 chg coeffs, 92 upgd conss, 85 impls, 3300 clqs
(round 192, fast)       11376 del vars, 1092 del conss, 1006 add conss, 3065 chg bounds, 98804 chg sides, 160017 chg coeffs, 92 upgd conss, 85 impls, 3315 clqs
(round 193, fast)       11376 del vars, 1092 del conss, 1006 add conss, 3065 chg bounds, 101283 chg sides, 163588 chg coeffs, 92 upgd conss, 85 impls, 3315 clqs
(round 194, exhaustive) 11376 del vars, 1117 del conss, 1006 add conss, 3065 chg bounds, 101290 chg sides, 163588 chg coeffs, 92 upgd conss, 85 impls, 3315 clqs
(round 195, exhaustive) 11401 del vars, 1117 del conss, 1006 add conss, 3065 chg bounds, 101290 chg sides, 163588 chg coeffs, 92 upgd conss, 85 impls, 3309 clqs
(round 196, fast)       11401 del vars, 1119 del conss, 1030 add conss, 3065 chg bounds, 101335 chg sides, 163904 chg coeffs, 92 upgd conss, 85 impls, 3326 clqs
(round 197, fast)       11401 del vars, 1119 del conss, 1030 add conss, 3065 chg bounds, 103741 chg sides, 167169 chg coeffs, 92 upgd conss, 85 impls, 3326 clqs
(round 198, exhaustive) 11401 del vars, 1142 del conss, 1030 add conss, 3065 chg bounds, 103745 chg sides, 167169 chg coeffs, 92 upgd conss, 85 impls, 3326 clqs
(round 199, fast)       11401 del vars, 1142 del conss, 1030 add conss, 3065 chg bounds, 103889 chg sides, 167316 chg coeffs, 92 upgd conss, 85 impls, 3326 clqs
(round 200, exhaustive) 11426 del vars, 1142 del conss, 1030 add conss, 3065 chg bounds, 103889 chg sides, 167316 chg coeffs, 92 upgd conss, 85 impls, 3314 clqs
(round 201, fast)       11426 del vars, 1143 del conss, 1057 add conss, 3065 chg bounds, 103896 chg sides, 167316 chg coeffs, 92 upgd conss, 85 impls, 3322 clqs
(round 202, fast)       11426 del vars, 1143 del conss, 1057 add conss, 3065 chg bounds, 105931 chg sides, 170490 chg coeffs, 92 upgd conss, 85 impls, 3322 clqs
(round 203, exhaustive) 11426 del vars, 1166 del conss, 1057 add conss, 3065 chg bounds, 105939 chg sides, 170490 chg coeffs, 92 upgd conss, 85 impls, 3322 clqs
(round 204, exhaustive) 11451 del vars, 1166 del conss, 1057 add conss, 3065 chg bounds, 105939 chg sides, 170490 chg coeffs, 92 upgd conss, 85 impls, 3320 clqs
(round 205, fast)       11451 del vars, 1171 del conss, 1072 add conss, 3065 chg bounds, 105942 chg sides, 170490 chg coeffs, 92 upgd conss, 85 impls, 3322 clqs
(round 206, fast)       11451 del vars, 1171 del conss, 1072 add conss, 3065 chg bounds, 107337 chg sides, 172515 chg coeffs, 92 upgd conss, 85 impls, 3322 clqs
(round 207, exhaustive) 11451 del vars, 1184 del conss, 1072 add conss, 3065 chg bounds, 107338 chg sides, 172515 chg coeffs, 92 upgd conss, 85 impls, 3322 clqs
(round 208, exhaustive) 11476 del vars, 1184 del conss, 1072 add conss, 3065 chg bounds, 107338 chg sides, 172515 chg coeffs, 92 upgd conss, 85 impls, 3312 clqs
(round 209, fast)       11476 del vars, 1186 del conss, 1099 add conss, 3065 chg bounds, 107341 chg sides, 172515 chg coeffs, 92 upgd conss, 85 impls, 3316 clqs
(round 210, fast)       11476 del vars, 1186 del conss, 1099 add conss, 3065 chg bounds, 110051 chg sides, 176049 chg coeffs, 92 upgd conss, 85 impls, 3316 clqs
(round 211, exhaustive) 11476 del vars, 1207 del conss, 1099 add conss, 3065 chg bounds, 110058 chg sides, 176049 chg coeffs, 92 upgd conss, 85 impls, 3316 clqs
(round 212, exhaustive) 11501 del vars, 1207 del conss, 1099 add conss, 3065 chg bounds, 110058 chg sides, 176049 chg coeffs, 92 upgd conss, 85 impls, 3305 clqs
(round 213, fast)       11501 del vars, 1209 del conss, 1122 add conss, 3065 chg bounds, 110223 chg sides, 176355 chg coeffs, 92 upgd conss, 85 impls, 3312 clqs
(round 214, fast)       11501 del vars, 1209 del conss, 1122 add conss, 3065 chg bounds, 112059 chg sides, 179368 chg coeffs, 92 upgd conss, 85 impls, 3312 clqs
(round 215, exhaustive) 11501 del vars, 1230 del conss, 1122 add conss, 3065 chg bounds, 112065 chg sides, 179368 chg coeffs, 92 upgd conss, 85 impls, 3312 clqs
(round 216, exhaustive) 11526 del vars, 1230 del conss, 1122 add conss, 3065 chg bounds, 112065 chg sides, 179368 chg coeffs, 92 upgd conss, 85 impls, 3297 clqs
(round 217, fast)       11526 del vars, 1231 del conss, 1148 add conss, 3065 chg bounds, 112091 chg sides, 179660 chg coeffs, 92 upgd conss, 85 impls, 3304 clqs
(round 218, fast)       11526 del vars, 1231 del conss, 1148 add conss, 3065 chg bounds, 114369 chg sides, 182958 chg coeffs, 92 upgd conss, 85 impls, 3304 clqs
(round 219, exhaustive) 11526 del vars, 1256 del conss, 1148 add conss, 3065 chg bounds, 114374 chg sides, 182958 chg coeffs, 92 upgd conss, 85 impls, 3304 clqs
(round 220, exhaustive) 11551 del vars, 1256 del conss, 1148 add conss, 3065 chg bounds, 114374 chg sides, 182958 chg coeffs, 92 upgd conss, 85 impls, 3292 clqs
(round 221, fast)       11551 del vars, 1256 del conss, 1176 add conss, 3065 chg bounds, 114577 chg sides, 183566 chg coeffs, 92 upgd conss, 85 impls, 3298 clqs
(round 222, fast)       11551 del vars, 1256 del conss, 1176 add conss, 3065 chg bounds, 116947 chg sides, 186991 chg coeffs, 92 upgd conss, 85 impls, 3298 clqs
(round 223, exhaustive) 11551 del vars, 1279 del conss, 1176 add conss, 3065 chg bounds, 116953 chg sides, 186991 chg coeffs, 92 upgd conss, 85 impls, 3298 clqs
(round 224, exhaustive) 11576 del vars, 1279 del conss, 1176 add conss, 3065 chg bounds, 116953 chg sides, 186991 chg coeffs, 92 upgd conss, 85 impls, 3282 clqs
(round 225, fast)       11576 del vars, 1283 del conss, 1200 add conss, 3065 chg bounds, 117304 chg sides, 187779 chg coeffs, 92 upgd conss, 85 impls, 3291 clqs
(round 226, fast)       11576 del vars, 1283 del conss, 1200 add conss, 3065 chg bounds, 119135 chg sides, 190646 chg coeffs, 92 upgd conss, 85 impls, 3291 clqs
   (2.3s) running MILP presolver
   (2.4s) MILP presolver found nothing
(round 227, exhaustive) 11576 del vars, 1305 del conss, 1200 add conss, 3065 chg bounds, 119139 chg sides, 190646 chg coeffs, 92 upgd conss, 85 impls, 3291 clqs
(round 228, exhaustive) 11601 del vars, 1305 del conss, 1200 add conss, 3065 chg bounds, 119139 chg sides, 190646 chg coeffs, 92 upgd conss, 89 impls, 3282 clqs
(round 229, fast)       11601 del vars, 1308 del conss, 1217 add conss, 3065 chg bounds, 119142 chg sides, 190841 chg coeffs, 92 upgd conss, 89 impls, 3287 clqs
(round 230, fast)       11601 del vars, 1308 del conss, 1217 add conss, 3065 chg bounds, 120669 chg sides, 192952 chg coeffs, 92 upgd conss, 89 impls, 3287 clqs
(round 231, exhaustive) 11601 del vars, 1323 del conss, 1217 add conss, 3065 chg bounds, 120672 chg sides, 192952 chg coeffs, 92 upgd conss, 89 impls, 3287 clqs
(round 232, exhaustive) 11626 del vars, 1323 del conss, 1217 add conss, 3065 chg bounds, 120672 chg sides, 192952 chg coeffs, 92 upgd conss, 89 impls, 3277 clqs
(round 233, fast)       11626 del vars, 1326 del conss, 1245 add conss, 3065 chg bounds, 120682 chg sides, 192952 chg coeffs, 92 upgd conss, 89 impls, 3283 clqs
(round 234, fast)       11626 del vars, 1326 del conss, 1245 add conss, 3065 chg bounds, 123050 chg sides, 196210 chg coeffs, 92 upgd conss, 89 impls, 3283 clqs
(round 235, exhaustive) 11626 del vars, 1350 del conss, 1245 add conss, 3065 chg bounds, 123057 chg sides, 196210 chg coeffs, 92 upgd conss, 89 impls, 3283 clqs
(round 236, exhaustive) 11651 del vars, 1350 del conss, 1245 add conss, 3065 chg bounds, 123057 chg sides, 196210 chg coeffs, 92 upgd conss, 89 impls, 3272 clqs
(round 237, fast)       11651 del vars, 1353 del conss, 1266 add conss, 3065 chg bounds, 123062 chg sides, 196350 chg coeffs, 92 upgd conss, 89 impls, 3281 clqs
(round 238, fast)       11651 del vars, 1353 del conss, 1266 add conss, 3065 chg bounds, 124475 chg sides, 198846 chg coeffs, 92 upgd conss, 89 impls, 3281 clqs
(round 239, exhaustive) 11651 del vars, 1375 del conss, 1266 add conss, 3065 chg bounds, 124479 chg sides, 198846 chg coeffs, 92 upgd conss, 89 impls, 3281 clqs
(round 240, exhaustive) 11676 del vars, 1375 del conss, 1266 add conss, 3065 chg bounds, 124479 chg sides, 198846 chg coeffs, 92 upgd conss, 89 impls, 3265 clqs
(round 241, fast)       11676 del vars, 1378 del conss, 1289 add conss, 3065 chg bounds, 124486 chg sides, 198846 chg coeffs, 92 upgd conss, 89 impls, 3273 clqs
(round 242, fast)       11676 del vars, 1378 del conss, 1289 add conss, 3065 chg bounds, 126265 chg sides, 201466 chg coeffs, 92 upgd conss, 89 impls, 3273 clqs
(round 243, exhaustive) 11676 del vars, 1397 del conss, 1289 add conss, 3065 chg bounds, 126269 chg sides, 201466 chg coeffs, 92 upgd conss, 89 impls, 3273 clqs
(round 244, exhaustive) 11701 del vars, 1397 del conss, 1289 add conss, 3065 chg bounds, 126269 chg sides, 201466 chg coeffs, 92 upgd conss, 89 impls, 3265 clqs
(round 245, fast)       11701 del vars, 1400 del conss, 1311 add conss, 3065 chg bounds, 126275 chg sides, 201696 chg coeffs, 92 upgd conss, 89 impls, 3268 clqs
(round 246, fast)       11701 del vars, 1400 del conss, 1311 add conss, 3065 chg bounds, 127681 chg sides, 204250 chg coeffs, 92 upgd conss, 89 impls, 3268 clqs
(round 247, exhaustive) 11701 del vars, 1423 del conss, 1311 add conss, 3065 chg bounds, 127686 chg sides, 204250 chg coeffs, 92 upgd conss, 89 impls, 3268 clqs
(round 248, exhaustive) 11726 del vars, 1423 del conss, 1311 add conss, 3065 chg bounds, 127686 chg sides, 204250 chg coeffs, 92 upgd conss, 89 impls, 3253 clqs
(round 249, fast)       11726 del vars, 1426 del conss, 1330 add conss, 3065 chg bounds, 127690 chg sides, 204250 chg coeffs, 92 upgd conss, 89 impls, 3259 clqs
(round 250, fast)       11726 del vars, 1426 del conss, 1330 add conss, 3065 chg bounds, 129345 chg sides, 206487 chg coeffs, 92 upgd conss, 89 impls, 3259 clqs
(round 251, exhaustive) 11726 del vars, 1440 del conss, 1330 add conss, 3065 chg bounds, 129350 chg sides, 206487 chg coeffs, 92 upgd conss, 89 impls, 3259 clqs
(round 252, exhaustive) 11751 del vars, 1440 del conss, 1330 add conss, 3065 chg bounds, 129350 chg sides, 206487 chg coeffs, 92 upgd conss, 89 impls, 3243 clqs
(round 253, fast)       11751 del vars, 1445 del conss, 1352 add conss, 3065 chg bounds, 129356 chg sides, 206487 chg coeffs, 92 upgd conss, 89 impls, 3252 clqs
(round 254, fast)       11751 del vars, 1445 del conss, 1352 add conss, 3065 chg bounds, 130947 chg sides, 209219 chg coeffs, 92 upgd conss, 89 impls, 3252 clqs
(round 255, exhaustive) 11751 del vars, 1463 del conss, 1352 add conss, 3065 chg bounds, 130954 chg sides, 209219 chg coeffs, 92 upgd conss, 89 impls, 3252 clqs
(round 256, exhaustive) 11776 del vars, 1463 del conss, 1352 add conss, 3065 chg bounds, 130954 chg sides, 209219 chg coeffs, 92 upgd conss, 89 impls, 3243 clqs
(round 257, fast)       11776 del vars, 1465 del conss, 1381 add conss, 3065 chg bounds, 131132 chg sides, 209522 chg coeffs, 92 upgd conss, 89 impls, 3249 clqs
(round 258, fast)       11776 del vars, 1465 del conss, 1381 add conss, 3065 chg bounds, 133653 chg sides, 212967 chg coeffs, 92 upgd conss, 89 impls, 3249 clqs
(round 259, exhaustive) 11776 del vars, 1490 del conss, 1381 add conss, 3065 chg bounds, 133662 chg sides, 212967 chg coeffs, 92 upgd conss, 89 impls, 3249 clqs
(round 260, exhaustive) 11801 del vars, 1490 del conss, 1381 add conss, 3065 chg bounds, 133662 chg sides, 212967 chg coeffs, 92 upgd conss, 89 impls, 3235 clqs
(round 261, fast)       11801 del vars, 1496 del conss, 1407 add conss, 3065 chg bounds, 133668 chg sides, 213104 chg coeffs, 92 upgd conss, 89 impls, 3247 clqs
(round 262, fast)       11801 del vars, 1496 del conss, 1407 add conss, 3065 chg bounds, 135847 chg sides, 216174 chg coeffs, 92 upgd conss, 89 impls, 3247 clqs
(round 263, exhaustive) 11801 del vars, 1520 del conss, 1407 add conss, 3065 chg bounds, 135855 chg sides, 216174 chg coeffs, 92 upgd conss, 89 impls, 3247 clqs
(round 264, exhaustive) 11826 del vars, 1520 del conss, 1407 add conss, 3065 chg bounds, 135855 chg sides, 216174 chg coeffs, 92 upgd conss, 89 impls, 3238 clqs
(round 265, fast)       11826 del vars, 1521 del conss, 1433 add conss, 3065 chg bounds, 135997 chg sides, 216349 chg coeffs, 92 upgd conss, 89 impls, 3240 clqs
(round 266, fast)       11826 del vars, 1521 del conss, 1433 add conss, 3065 chg bounds, 138023 chg sides, 219343 chg coeffs, 92 upgd conss, 89 impls, 3240 clqs
(round 267, exhaustive) 11826 del vars, 1544 del conss, 1433 add conss, 3065 chg bounds, 138028 chg sides, 219343 chg coeffs, 92 upgd conss, 89 impls, 3240 clqs
(round 268, exhaustive) 11851 del vars, 1544 del conss, 1433 add conss, 3065 chg bounds, 138028 chg sides, 219343 chg coeffs, 92 upgd conss, 89 impls, 3227 clqs
(round 269, fast)       11851 del vars, 1548 del conss, 1454 add conss, 3065 chg bounds, 138354 chg sides, 219731 chg coeffs, 92 upgd conss, 89 impls, 3250 clqs
(round 270, fast)       11851 del vars, 1548 del conss, 1454 add conss, 3065 chg bounds, 140246 chg sides, 222239 chg coeffs, 92 upgd conss, 89 impls, 3250 clqs
(round 271, exhaustive) 11851 del vars, 1568 del conss, 1454 add conss, 3065 chg bounds, 140252 chg sides, 222239 chg coeffs, 92 upgd conss, 89 impls, 3250 clqs
(round 272, exhaustive) 11876 del vars, 1568 del conss, 1454 add conss, 3065 chg bounds, 140252 chg sides, 222239 chg coeffs, 92 upgd conss, 89 impls, 3236 clqs
(round 273, fast)       11876 del vars, 1569 del conss, 1475 add conss, 3065 chg bounds, 140435 chg sides, 222606 chg coeffs, 92 upgd conss, 89 impls, 3253 clqs
(round 274, fast)       11876 del vars, 1569 del conss, 1475 add conss, 3065 chg bounds, 142291 chg sides, 225019 chg coeffs, 92 upgd conss, 89 impls, 3253 clqs
(round 275, exhaustive) 11876 del vars, 1587 del conss, 1475 add conss, 3065 chg bounds, 142295 chg sides, 225019 chg coeffs, 92 upgd conss, 89 impls, 3253 clqs
(round 276, exhaustive) 11901 del vars, 1587 del conss, 1475 add conss, 3065 chg bounds, 142295 chg sides, 225019 chg coeffs, 92 upgd conss, 89 impls, 3235 clqs
(round 277, fast)       11901 del vars, 1591 del conss, 1495 add conss, 3065 chg bounds, 142425 chg sides, 225175 chg coeffs, 92 upgd conss, 89 impls, 3242 clqs
(round 278, fast)       11901 del vars, 1591 del conss, 1495 add conss, 3065 chg bounds, 144304 chg sides, 227393 chg coeffs, 92 upgd conss, 89 impls, 3242 clqs
(round 279, exhaustive) 11901 del vars, 1607 del conss, 1495 add conss, 3065 chg bounds, 144309 chg sides, 227393 chg coeffs, 92 upgd conss, 89 impls, 3242 clqs
(round 280, exhaustive) 11926 del vars, 1607 del conss, 1495 add conss, 3065 chg bounds, 144309 chg sides, 227393 chg coeffs, 92 upgd conss, 89 impls, 3226 clqs
(round 281, fast)       11926 del vars, 1608 del conss, 1519 add conss, 3065 chg bounds, 144447 chg sides, 227527 chg coeffs, 92 upgd conss, 89 impls, 3234 clqs
(round 282, fast)       11926 del vars, 1608 del conss, 1519 add conss, 3065 chg bounds, 146688 chg sides, 230327 chg coeffs, 92 upgd conss, 89 impls, 3234 clqs
(round 283, exhaustive) 11926 del vars, 1627 del conss, 1519 add conss, 3065 chg bounds, 146697 chg sides, 230327 chg coeffs, 92 upgd conss, 89 impls, 3234 clqs
(round 284, exhaustive) 11951 del vars, 1627 del conss, 1519 add conss, 3065 chg bounds, 146697 chg sides, 230327 chg coeffs, 92 upgd conss, 89 impls, 3213 clqs
(round 285, fast)       11951 del vars, 1629 del conss, 1536 add conss, 3065 chg bounds, 146701 chg sides, 230607 chg coeffs, 92 upgd conss, 89 impls, 3228 clqs
(round 286, fast)       11951 del vars, 1629 del conss, 1536 add conss, 3065 chg bounds, 148120 chg sides, 232688 chg coeffs, 92 upgd conss, 89 impls, 3228 clqs
(round 287, exhaustive) 11951 del vars, 1643 del conss, 1536 add conss, 3065 chg bounds, 148124 chg sides, 232688 chg coeffs, 92 upgd conss, 89 impls, 3228 clqs
(round 288, exhaustive) 11976 del vars, 1643 del conss, 1536 add conss, 3065 chg bounds, 148124 chg sides, 232688 chg coeffs, 92 upgd conss, 89 impls, 3215 clqs
(round 289, fast)       11976 del vars, 1649 del conss, 1562 add conss, 3065 chg bounds, 148191 chg sides, 232928 chg coeffs, 92 upgd conss, 89 impls, 3226 clqs
(round 290, fast)       11976 del vars, 1649 del conss, 1562 add conss, 3065 chg bounds, 150258 chg sides, 235845 chg coeffs, 92 upgd conss, 89 impls, 3226 clqs
(round 291, exhaustive) 11976 del vars, 1668 del conss, 1562 add conss, 3065 chg bounds, 150262 chg sides, 235845 chg coeffs, 92 upgd conss, 89 impls, 3226 clqs
(round 292, exhaustive) 12001 del vars, 1668 del conss, 1562 add conss, 3065 chg bounds, 150262 chg sides, 235845 chg coeffs, 92 upgd conss, 89 impls, 3208 clqs
(round 293, fast)       12001 del vars, 1673 del conss, 1580 add conss, 3065 chg bounds, 150328 chg sides, 236102 chg coeffs, 92 upgd conss, 89 impls, 3225 clqs
(round 294, fast)       12001 del vars, 1673 del conss, 1580 add conss, 3065 chg bounds, 152112 chg sides, 238272 chg coeffs, 92 upgd conss, 89 impls, 3225 clqs
(round 295, exhaustive) 12001 del vars, 1688 del conss, 1580 add conss, 3065 chg bounds, 152117 chg sides, 238272 chg coeffs, 92 upgd conss, 89 impls, 3225 clqs
(round 296, exhaustive) 12026 del vars, 1688 del conss, 1580 add conss, 3065 chg bounds, 152117 chg sides, 238272 chg coeffs, 92 upgd conss, 91 impls, 3207 clqs
(round 297, fast)       12026 del vars, 1692 del conss, 1604 add conss, 3065 chg bounds, 152261 chg sides, 238437 chg coeffs, 92 upgd conss, 91 impls, 3219 clqs
(round 298, fast)       12026 del vars, 1692 del conss, 1604 add conss, 3065 chg bounds, 153983 chg sides, 241178 chg coeffs, 92 upgd conss, 91 impls, 3219 clqs
(round 299, exhaustive) 12026 del vars, 1711 del conss, 1604 add conss, 3065 chg bounds, 153989 chg sides, 241178 chg coeffs, 92 upgd conss, 91 impls, 3219 clqs
(round 300, exhaustive) 12051 del vars, 1711 del conss, 1604 add conss, 3065 chg bounds, 153989 chg sides, 241178 chg coeffs, 92 upgd conss, 95 impls, 3204 clqs
(round 301, fast)       12051 del vars, 1714 del conss, 1626 add conss, 3065 chg bounds, 153989 chg sides, 241324 chg coeffs, 92 upgd conss, 95 impls, 3234 clqs
(round 302, fast)       12051 del vars, 1714 del conss, 1626 add conss, 3065 chg bounds, 155966 chg sides, 243891 chg coeffs, 92 upgd conss, 95 impls, 3234 clqs
(round 303, exhaustive) 12051 del vars, 1732 del conss, 1626 add conss, 3065 chg bounds, 155971 chg sides, 243891 chg coeffs, 92 upgd conss, 95 impls, 3234 clqs
(round 304, exhaustive) 12076 del vars, 1732 del conss, 1626 add conss, 3065 chg bounds, 155971 chg sides, 243891 chg coeffs, 92 upgd conss, 95 impls, 3221 clqs
(round 305, fast)       12076 del vars, 1733 del conss, 1648 add conss, 3065 chg bounds, 155979 chg sides, 244011 chg coeffs, 92 upgd conss, 95 impls, 3231 clqs
(round 306, fast)       12076 del vars, 1733 del conss, 1648 add conss, 3065 chg bounds, 157634 chg sides, 246494 chg coeffs, 92 upgd conss, 95 impls, 3231 clqs
(round 307, exhaustive) 12076 del vars, 1754 del conss, 1648 add conss, 3065 chg bounds, 157637 chg sides, 246494 chg coeffs, 92 upgd conss, 95 impls, 3231 clqs
(round 308, exhaustive) 12101 del vars, 1754 del conss, 1648 add conss, 3065 chg bounds, 157637 chg sides, 246494 chg coeffs, 92 upgd conss, 95 impls, 3210 clqs
(round 309, fast)       12101 del vars, 1758 del conss, 1670 add conss, 3065 chg bounds, 157641 chg sides, 246640 chg coeffs, 92 upgd conss, 95 impls, 3227 clqs
(round 310, fast)       12101 del vars, 1758 del conss, 1670 add conss, 3065 chg bounds, 159473 chg sides, 249267 chg coeffs, 92 upgd conss, 95 impls, 3227 clqs
(round 311, exhaustive) 12101 del vars, 1775 del conss, 1670 add conss, 3065 chg bounds, 159480 chg sides, 249267 chg coeffs, 92 upgd conss, 95 impls, 3227 clqs
(round 312, exhaustive) 12126 del vars, 1775 del conss, 1670 add conss, 3065 chg bounds, 159480 chg sides, 249267 chg coeffs, 92 upgd conss, 95 impls, 3214 clqs
(round 313, fast)       12126 del vars, 1779 del conss, 1691 add conss, 3065 chg bounds, 159646 chg sides, 249430 chg coeffs, 92 upgd conss, 95 impls, 3222 clqs
(round 314, fast)       12126 del vars, 1779 del conss, 1691 add conss, 3065 chg bounds, 161230 chg sides, 251812 chg coeffs, 92 upgd conss, 95 impls, 3222 clqs
(round 315, exhaustive) 12126 del vars, 1797 del conss, 1691 add conss, 3065 chg bounds, 161237 chg sides, 251812 chg coeffs, 92 upgd conss, 95 impls, 3222 clqs
(round 316, exhaustive) 12151 del vars, 1797 del conss, 1691 add conss, 3065 chg bounds, 161237 chg sides, 251812 chg coeffs, 92 upgd conss, 95 impls, 3212 clqs
(round 317, fast)       12151 del vars, 1799 del conss, 1711 add conss, 3065 chg bounds, 161346 chg sides, 251935 chg coeffs, 92 upgd conss, 95 impls, 3220 clqs
(round 318, fast)       12151 del vars, 1799 del conss, 1711 add conss, 3065 chg bounds, 163129 chg sides, 254400 chg coeffs, 92 upgd conss, 95 impls, 3220 clqs
(round 319, exhaustive) 12151 del vars, 1817 del conss, 1711 add conss, 3065 chg bounds, 163134 chg sides, 254400 chg coeffs, 92 upgd conss, 95 impls, 3220 clqs
(round 320, fast)       12151 del vars, 1817 del conss, 1711 add conss, 3065 chg bounds, 163134 chg sides, 254528 chg coeffs, 92 upgd conss, 95 impls, 3220 clqs
(round 321, exhaustive) 12151 del vars, 1818 del conss, 1711 add conss, 3065 chg bounds, 163134 chg sides, 254528 chg coeffs, 92 upgd conss, 95 impls, 3220 clqs
(round 322, exhaustive) 12176 del vars, 1818 del conss, 1711 add conss, 3065 chg bounds, 163134 chg sides, 254528 chg coeffs, 92 upgd conss, 95 impls, 3203 clqs
(round 323, fast)       12176 del vars, 1821 del conss, 1731 add conss, 3065 chg bounds, 163139 chg sides, 254528 chg coeffs, 92 upgd conss, 95 impls, 3216 clqs
(round 324, fast)       12176 del vars, 1821 del conss, 1731 add conss, 3065 chg bounds, 164944 chg sides, 256897 chg coeffs, 92 upgd conss, 95 impls, 3216 clqs
(round 325, exhaustive) 12176 del vars, 1834 del conss, 1731 add conss, 3065 chg bounds, 164951 chg sides, 256897 chg coeffs, 92 upgd conss, 95 impls, 3216 clqs
(round 326, exhaustive) 12201 del vars, 1834 del conss, 1731 add conss, 3065 chg bounds, 164951 chg sides, 256897 chg coeffs, 92 upgd conss, 95 impls, 3203 clqs
(round 327, fast)       12201 del vars, 1838 del conss, 1748 add conss, 3065 chg bounds, 165258 chg sides, 257526 chg coeffs, 92 upgd conss, 95 impls, 3217 clqs
(round 328, fast)       12201 del vars, 1838 del conss, 1748 add conss, 3065 chg bounds, 166753 chg sides, 259729 chg coeffs, 92 upgd conss, 95 impls, 3217 clqs
(round 329, exhaustive) 12201 del vars, 1854 del conss, 1748 add conss, 3065 chg bounds, 166759 chg sides, 259729 chg coeffs, 92 upgd conss, 95 impls, 3217 clqs
(round 330, exhaustive) 12226 del vars, 1854 del conss, 1748 add conss, 3065 chg bounds, 166759 chg sides, 259729 chg coeffs, 92 upgd conss, 95 impls, 3196 clqs
(round 331, fast)       12226 del vars, 1858 del conss, 1772 add conss, 3065 chg bounds, 166764 chg sides, 259881 chg coeffs, 92 upgd conss, 95 impls, 3224 clqs
(round 332, fast)       12226 del vars, 1858 del conss, 1772 add conss, 3065 chg bounds, 168978 chg sides, 262790 chg coeffs, 92 upgd conss, 95 impls, 3224 clqs
(round 333, exhaustive) 12226 del vars, 1875 del conss, 1772 add conss, 3065 chg bounds, 168987 chg sides, 262790 chg coeffs, 92 upgd conss, 95 impls, 3224 clqs
(round 334, exhaustive) 12251 del vars, 1875 del conss, 1772 add conss, 3065 chg bounds, 168987 chg sides, 262790 chg coeffs, 92 upgd conss, 95 impls, 3206 clqs
(round 335, fast)       12251 del vars, 1879 del conss, 1792 add conss, 3065 chg bounds, 169169 chg sides, 263017 chg coeffs, 92 upgd conss, 95 impls, 3219 clqs
(round 336, fast)       12251 del vars, 1879 del conss, 1792 add conss, 3065 chg bounds, 170952 chg sides, 265448 chg coeffs, 92 upgd conss, 95 impls, 3219 clqs
(round 337, exhaustive) 12251 del vars, 1896 del conss, 1792 add conss, 3065 chg bounds, 170956 chg sides, 265448 chg coeffs, 92 upgd conss, 95 impls, 3219 clqs
(round 338, exhaustive) 12276 del vars, 1896 del conss, 1792 add conss, 3065 chg bounds, 170956 chg sides, 265448 chg coeffs, 92 upgd conss, 95 impls, 3202 clqs
(round 339, fast)       12276 del vars, 1900 del conss, 1816 add conss, 3065 chg bounds, 170965 chg sides, 265715 chg coeffs, 92 upgd conss, 95 impls, 3209 clqs
(round 340, fast)       12276 del vars, 1900 del conss, 1816 add conss, 3065 chg bounds, 173474 chg sides, 268549 chg coeffs, 92 upgd conss, 95 impls, 3209 clqs
(round 341, exhaustive) 12276 del vars, 1918 del conss, 1816 add conss, 3065 chg bounds, 173484 chg sides, 268549 chg coeffs, 92 upgd conss, 95 impls, 3209 clqs
(round 342, exhaustive) 12301 del vars, 1918 del conss, 1816 add conss, 3065 chg bounds, 173484 chg sides, 268549 chg coeffs, 92 upgd conss, 95 impls, 3197 clqs
(round 343, fast)       12301 del vars, 1920 del conss, 1839 add conss, 3065 chg bounds, 173910 chg sides, 269426 chg coeffs, 92 upgd conss, 95 impls, 3201 clqs
(round 344, fast)       12301 del vars, 1920 del conss, 1839 add conss, 3065 chg bounds, 176508 chg sides, 272301 chg coeffs, 92 upgd conss, 95 impls, 3201 clqs
(round 345, exhaustive) 12301 del vars, 1941 del conss, 1839 add conss, 3065 chg bounds, 176516 chg sides, 272301 chg coeffs, 92 upgd conss, 95 impls, 3201 clqs
(round 346, exhaustive) 12326 del vars, 1941 del conss, 1839 add conss, 3065 chg bounds, 176516 chg sides, 272301 chg coeffs, 92 upgd conss, 95 impls, 3181 clqs
(round 347, fast)       12326 del vars, 1946 del conss, 1869 add conss, 3065 chg bounds, 176530 chg sides, 272867 chg coeffs, 92 upgd conss, 95 impls, 3191 clqs
(round 348, fast)       12326 del vars, 1946 del conss, 1869 add conss, 3065 chg bounds, 179038 chg sides, 276607 chg coeffs, 92 upgd conss, 95 impls, 3191 clqs
(round 349, exhaustive) 12326 del vars, 1970 del conss, 1869 add conss, 3065 chg bounds, 179047 chg sides, 276607 chg coeffs, 92 upgd conss, 95 impls, 3191 clqs
(round 350, exhaustive) 12351 del vars, 1970 del conss, 1869 add conss, 3065 chg bounds, 179047 chg sides, 276607 chg coeffs, 92 upgd conss, 95 impls, 3182 clqs
(round 351, fast)       12351 del vars, 1973 del conss, 1890 add conss, 3065 chg bounds, 179050 chg sides, 276749 chg coeffs, 92 upgd conss, 95 impls, 3190 clqs
(round 352, fast)       12351 del vars, 1973 del conss, 1890 add conss, 3065 chg bounds, 181450 chg sides, 279234 chg coeffs, 92 upgd conss, 95 impls, 3190 clqs
(round 353, exhaustive) 12351 del vars, 1987 del conss, 1890 add conss, 3065 chg bounds, 181458 chg sides, 279234 chg coeffs, 92 upgd conss, 95 impls, 3190 clqs
   (3.4s) probing: 2000/7950 (25.2%) - 1996 fixings, 0 aggregations, 10 implications, 0 bound changes
(round 354, exhaustive) 12376 del vars, 1987 del conss, 1890 add conss, 3065 chg bounds, 181458 chg sides, 279234 chg coeffs, 92 upgd conss, 95 impls, 3178 clqs
(round 355, fast)       12376 del vars, 1992 del conss, 1909 add conss, 3065 chg bounds, 181463 chg sides, 279373 chg coeffs, 92 upgd conss, 95 impls, 3184 clqs
(round 356, fast)       12376 del vars, 1992 del conss, 1909 add conss, 3065 chg bounds, 182857 chg sides, 281484 chg coeffs, 92 upgd conss, 95 impls, 3184 clqs
(round 357, exhaustive) 12376 del vars, 2010 del conss, 1909 add conss, 3065 chg bounds, 182862 chg sides, 281484 chg coeffs, 92 upgd conss, 95 impls, 3184 clqs
(round 358, exhaustive) 12401 del vars, 2010 del conss, 1909 add conss, 3065 chg bounds, 182862 chg sides, 281484 chg coeffs, 92 upgd conss, 95 impls, 3165 clqs
(round 359, fast)       12401 del vars, 2013 del conss, 1932 add conss, 3065 chg bounds, 182992 chg sides, 281761 chg coeffs, 92 upgd conss, 95 impls, 3181 clqs
(round 360, fast)       12401 del vars, 2013 del conss, 1932 add conss, 3065 chg bounds, 185259 chg sides, 284610 chg coeffs, 92 upgd conss, 95 impls, 3181 clqs
(round 361, exhaustive) 12401 del vars, 2033 del conss, 1932 add conss, 3065 chg bounds, 185268 chg sides, 284610 chg coeffs, 92 upgd conss, 95 impls, 3181 clqs
(round 362, exhaustive) 12426 del vars, 2033 del conss, 1932 add conss, 3065 chg bounds, 185268 chg sides, 284610 chg coeffs, 92 upgd conss, 95 impls, 3165 clqs
(round 363, fast)       12426 del vars, 2036 del conss, 1963 add conss, 3065 chg bounds, 185443 chg sides, 285087 chg coeffs, 92 upgd conss, 95 impls, 3181 clqs
(round 364, fast)       12426 del vars, 2036 del conss, 1963 add conss, 3065 chg bounds, 188313 chg sides, 288902 chg coeffs, 92 upgd conss, 95 impls, 3181 clqs
(round 365, exhaustive) 12426 del vars, 2062 del conss, 1963 add conss, 3065 chg bounds, 188321 chg sides, 288902 chg coeffs, 92 upgd conss, 95 impls, 3181 clqs
(round 366, exhaustive) 12451 del vars, 2062 del conss, 1963 add conss, 3065 chg bounds, 188321 chg sides, 288902 chg coeffs, 92 upgd conss, 95 impls, 3160 clqs
(round 367, fast)       12451 del vars, 2065 del conss, 1982 add conss, 3065 chg bounds, 188657 chg sides, 289583 chg coeffs, 92 upgd conss, 95 impls, 3179 clqs
(round 368, fast)       12451 del vars, 2065 del conss, 1982 add conss, 3065 chg bounds, 190473 chg sides, 291946 chg coeffs, 92 upgd conss, 95 impls, 3179 clqs
(round 369, exhaustive) 12451 del vars, 2081 del conss, 1982 add conss, 3065 chg bounds, 190477 chg sides, 291946 chg coeffs, 92 upgd conss, 95 impls, 3179 clqs
(round 370, exhaustive) 12476 del vars, 2081 del conss, 1982 add conss, 3065 chg bounds, 190477 chg sides, 291946 chg coeffs, 92 upgd conss, 95 impls, 3154 clqs
(round 371, fast)       12476 del vars, 2085 del conss, 2006 add conss, 3065 chg bounds, 190944 chg sides, 292920 chg coeffs, 92 upgd conss, 95 impls, 3167 clqs
(round 372, fast)       12476 del vars, 2085 del conss, 2006 add conss, 3065 chg bounds, 193138 chg sides, 295884 chg coeffs, 92 upgd conss, 95 impls, 3167 clqs
(round 373, exhaustive) 12476 del vars, 2108 del conss, 2006 add conss, 3065 chg bounds, 193142 chg sides, 295884 chg coeffs, 92 upgd conss, 95 impls, 3167 clqs
(round 374, exhaustive) 12501 del vars, 2108 del conss, 2006 add conss, 3065 chg bounds, 193142 chg sides, 295884 chg coeffs, 92 upgd conss, 95 impls, 3139 clqs
(round 375, fast)       12501 del vars, 2111 del conss, 2025 add conss, 3065 chg bounds, 193151 chg sides, 296021 chg coeffs, 92 upgd conss, 95 impls, 3154 clqs
(round 376, fast)       12501 del vars, 2111 del conss, 2025 add conss, 3065 chg bounds, 194273 chg sides, 298179 chg coeffs, 92 upgd conss, 95 impls, 3154 clqs
(round 377, exhaustive) 12501 del vars, 2128 del conss, 2025 add conss, 3065 chg bounds, 194280 chg sides, 298179 chg coeffs, 92 upgd conss, 95 impls, 3154 clqs
(round 378, exhaustive) 12526 del vars, 2128 del conss, 2025 add conss, 3065 chg bounds, 194280 chg sides, 298179 chg coeffs, 92 upgd conss, 95 impls, 3134 clqs
(round 379, fast)       12526 del vars, 2132 del conss, 2050 add conss, 3065 chg bounds, 194282 chg sides, 298179 chg coeffs, 92 upgd conss, 95 impls, 3147 clqs
(round 380, fast)       12526 del vars, 2132 del conss, 2050 add conss, 3065 chg bounds, 195937 chg sides, 301221 chg coeffs, 92 upgd conss, 95 impls, 3147 clqs
(round 381, exhaustive) 12526 del vars, 2156 del conss, 2050 add conss, 3065 chg bounds, 195943 chg sides, 301221 chg coeffs, 92 upgd conss, 95 impls, 3147 clqs
(round 382, exhaustive) 12551 del vars, 2156 del conss, 2050 add conss, 3065 chg bounds, 195943 chg sides, 301221 chg coeffs, 92 upgd conss, 95 impls, 3127 clqs
(round 383, fast)       12551 del vars, 2159 del conss, 2079 add conss, 3065 chg bounds, 195950 chg sides, 301221 chg coeffs, 92 upgd conss, 95 impls, 3151 clqs
(round 384, fast)       12551 del vars, 2159 del conss, 2079 add conss, 3065 chg bounds, 198877 chg sides, 304671 chg coeffs, 92 upgd conss, 95 impls, 3151 clqs
(round 385, exhaustive) 12551 del vars, 2177 del conss, 2079 add conss, 3065 chg bounds, 198884 chg sides, 304671 chg coeffs, 92 upgd conss, 95 impls, 3151 clqs
(round 386, exhaustive) 12576 del vars, 2177 del conss, 2079 add conss, 3065 chg bounds, 198884 chg sides, 304671 chg coeffs, 92 upgd conss, 95 impls, 3120 clqs
(round 387, fast)       12576 del vars, 2179 del conss, 2100 add conss, 3065 chg bounds, 199059 chg sides, 305339 chg coeffs, 92 upgd conss, 95 impls, 3134 clqs
(round 388, fast)       12576 del vars, 2179 del conss, 2100 add conss, 3065 chg bounds, 200795 chg sides, 308011 chg coeffs, 92 upgd conss, 95 impls, 3134 clqs
(round 389, exhaustive) 12576 del vars, 2199 del conss, 2100 add conss, 3065 chg bounds, 200799 chg sides, 308011 chg coeffs, 92 upgd conss, 95 impls, 3134 clqs
(round 390, exhaustive) 12601 del vars, 2199 del conss, 2100 add conss, 3065 chg bounds, 200799 chg sides, 308011 chg coeffs, 92 upgd conss, 95 impls, 3118 clqs
(round 391, fast)       12601 del vars, 2200 del conss, 2126 add conss, 3065 chg bounds, 201157 chg sides, 308749 chg coeffs, 92 upgd conss, 95 impls, 3129 clqs
(round 392, fast)       12601 del vars, 2200 del conss, 2126 add conss, 3065 chg bounds, 203388 chg sides, 311803 chg coeffs, 92 upgd conss, 95 impls, 3129 clqs
   (3.7s) running MILP presolver
   (3.7s) MILP presolver found nothing
(round 393, exhaustive) 12601 del vars, 2223 del conss, 2126 add conss, 3065 chg bounds, 203395 chg sides, 311803 chg coeffs, 92 upgd conss, 95 impls, 3129 clqs
(round 394, fast)       12601 del vars, 2223 del conss, 2126 add conss, 3065 chg bounds, 203395 chg sides, 311911 chg coeffs, 92 upgd conss, 95 impls, 3129 clqs
(round 395, exhaustive) 12601 del vars, 2224 del conss, 2126 add conss, 3065 chg bounds, 203395 chg sides, 311911 chg coeffs, 92 upgd conss, 95 impls, 3129 clqs
(round 396, exhaustive) 12626 del vars, 2224 del conss, 2126 add conss, 3065 chg bounds, 203395 chg sides, 311911 chg coeffs, 92 upgd conss, 95 impls, 3116 clqs
(round 397, fast)       12626 del vars, 2228 del conss, 2150 add conss, 3065 chg bounds, 204090 chg sides, 312808 chg coeffs, 92 upgd conss, 95 impls, 3122 clqs
(round 398, fast)       12626 del vars, 2228 del conss, 2150 add conss, 3065 chg bounds, 206419 chg sides, 315891 chg coeffs, 92 upgd conss, 95 impls, 3122 clqs
(round 399, exhaustive) 12626 del vars, 2251 del conss, 2150 add conss, 3065 chg bounds, 206431 chg sides, 315891 chg coeffs, 92 upgd conss, 95 impls, 3122 clqs
(round 400, exhaustive) 12651 del vars, 2251 del conss, 2150 add conss, 3065 chg bounds, 206431 chg sides, 315891 chg coeffs, 92 upgd conss, 95 impls, 3098 clqs
(round 401, fast)       12651 del vars, 2251 del conss, 2176 add conss, 3065 chg bounds, 206813 chg sides, 316582 chg coeffs, 92 upgd conss, 95 impls, 3117 clqs
(round 402, fast)       12651 del vars, 2251 del conss, 2176 add conss, 3065 chg bounds, 209557 chg sides, 319924 chg coeffs, 92 upgd conss, 95 impls, 3117 clqs
(round 403, exhaustive) 12651 del vars, 2270 del conss, 2176 add conss, 3065 chg bounds, 209570 chg sides, 319924 chg coeffs, 92 upgd conss, 95 impls, 3117 clqs
(round 404, fast)       12651 del vars, 2270 del conss, 2176 add conss, 3065 chg bounds, 209675 chg sides, 320030 chg coeffs, 92 upgd conss, 95 impls, 3117 clqs
(round 405, exhaustive) 12676 del vars, 2270 del conss, 2176 add conss, 3065 chg bounds, 209675 chg sides, 320030 chg coeffs, 92 upgd conss, 95 impls, 3096 clqs
(round 406, fast)       12676 del vars, 2275 del conss, 2198 add conss, 3065 chg bounds, 209846 chg sides, 320708 chg coeffs, 92 upgd conss, 95 impls, 3122 clqs
(round 407, fast)       12676 del vars, 2275 del conss, 2198 add conss, 3065 chg bounds, 211977 chg sides, 323481 chg coeffs, 92 upgd conss, 95 impls, 3122 clqs
(round 408, exhaustive) 12676 del vars, 2297 del conss, 2198 add conss, 3065 chg bounds, 211984 chg sides, 323481 chg coeffs, 92 upgd conss, 95 impls, 3122 clqs
(round 409, exhaustive) 12701 del vars, 2297 del conss, 2198 add conss, 3065 chg bounds, 211984 chg sides, 323481 chg coeffs, 92 upgd conss, 95 impls, 3113 clqs
(round 410, fast)       12701 del vars, 2299 del conss, 2222 add conss, 3065 chg bounds, 212154 chg sides, 323871 chg coeffs, 92 upgd conss, 95 impls, 3122 clqs
(round 411, fast)       12701 del vars, 2299 del conss, 2222 add conss, 3065 chg bounds, 213981 chg sides, 326707 chg coeffs, 92 upgd conss, 95 impls, 3122 clqs
(round 412, exhaustive) 12701 del vars, 2321 del conss, 2222 add conss, 3065 chg bounds, 213989 chg sides, 326707 chg coeffs, 92 upgd conss, 95 impls, 3122 clqs
(round 413, exhaustive) 12726 del vars, 2321 del conss, 2222 add conss, 3065 chg bounds, 213989 chg sides, 326707 chg coeffs, 92 upgd conss, 95 impls, 3093 clqs
(round 414, fast)       12726 del vars, 2322 del conss, 2247 add conss, 3065 chg bounds, 214160 chg sides, 327030 chg coeffs, 92 upgd conss, 95 impls, 3117 clqs
(round 415, fast)       12726 del vars, 2322 del conss, 2247 add conss, 3065 chg bounds, 216007 chg sides, 329902 chg coeffs, 92 upgd conss, 95 impls, 3117 clqs
(round 416, exhaustive) 12726 del vars, 2345 del conss, 2247 add conss, 3065 chg bounds, 216012 chg sides, 329902 chg coeffs, 92 upgd conss, 95 impls, 3117 clqs
(round 417, exhaustive) 12751 del vars, 2345 del conss, 2247 add conss, 3065 chg bounds, 216012 chg sides, 329902 chg coeffs, 92 upgd conss, 100 impls, 3093 clqs
(round 418, fast)       12751 del vars, 2347 del conss, 2269 add conss, 3065 chg bounds, 216185 chg sides, 330225 chg coeffs, 92 upgd conss, 100 impls, 3107 clqs
(round 419, fast)       12751 del vars, 2347 del conss, 2269 add conss, 3065 chg bounds, 218330 chg sides, 332821 chg coeffs, 92 upgd conss, 100 impls, 3107 clqs
(round 420, exhaustive) 12751 del vars, 2363 del conss, 2269 add conss, 3065 chg bounds, 218337 chg sides, 332821 chg coeffs, 92 upgd conss, 100 impls, 3107 clqs
(round 421, exhaustive) 12776 del vars, 2363 del conss, 2269 add conss, 3065 chg bounds, 218337 chg sides, 332821 chg coeffs, 92 upgd conss, 100 impls, 3090 clqs
(round 422, fast)       12776 del vars, 2367 del conss, 2291 add conss, 3065 chg bounds, 218344 chg sides, 333153 chg coeffs, 92 upgd conss, 100 impls, 3100 clqs
(round 423, fast)       12776 del vars, 2367 del conss, 2291 add conss, 3065 chg bounds, 220091 chg sides, 335667 chg coeffs, 92 upgd conss, 100 impls, 3100 clqs
(round 424, exhaustive) 12776 del vars, 2388 del conss, 2291 add conss, 3065 chg bounds, 220101 chg sides, 335667 chg coeffs, 92 upgd conss, 100 impls, 3100 clqs
(round 425, exhaustive) 12801 del vars, 2388 del conss, 2291 add conss, 3065 chg bounds, 220101 chg sides, 335667 chg coeffs, 92 upgd conss, 100 impls, 3077 clqs
(round 426, fast)       12801 del vars, 2390 del conss, 2316 add conss, 3065 chg bounds, 220105 chg sides, 335667 chg coeffs, 92 upgd conss, 100 impls, 3098 clqs
(round 427, fast)       12801 del vars, 2390 del conss, 2316 add conss, 3065 chg bounds, 222253 chg sides, 338508 chg coeffs, 92 upgd conss, 100 impls, 3098 clqs
(round 428, exhaustive) 12801 del vars, 2409 del conss, 2316 add conss, 3065 chg bounds, 222261 chg sides, 338508 chg coeffs, 92 upgd conss, 100 impls, 3098 clqs
(round 429, exhaustive) 12826 del vars, 2409 del conss, 2316 add conss, 3065 chg bounds, 222261 chg sides, 338508 chg coeffs, 92 upgd conss, 100 impls, 3078 clqs
(round 430, fast)       12826 del vars, 2409 del conss, 2342 add conss, 3065 chg bounds, 222270 chg sides, 338972 chg coeffs, 92 upgd conss, 100 impls, 3096 clqs
(round 431, fast)       12826 del vars, 2409 del conss, 2342 add conss, 3065 chg bounds, 224487 chg sides, 341971 chg coeffs, 92 upgd conss, 100 impls, 3096 clqs
(round 432, exhaustive) 12826 del vars, 2436 del conss, 2342 add conss, 3065 chg bounds, 224498 chg sides, 341971 chg coeffs, 92 upgd conss, 100 impls, 3096 clqs
(round 433, exhaustive) 12851 del vars, 2436 del conss, 2342 add conss, 3065 chg bounds, 224498 chg sides, 341971 chg coeffs, 92 upgd conss, 100 impls, 3080 clqs
(round 434, fast)       12851 del vars, 2442 del conss, 2366 add conss, 3065 chg bounds, 224502 chg sides, 341971 chg coeffs, 92 upgd conss, 100 impls, 3090 clqs
(round 435, fast)       12851 del vars, 2442 del conss, 2366 add conss, 3065 chg bounds, 226267 chg sides, 344514 chg coeffs, 92 upgd conss, 100 impls, 3090 clqs
(round 436, exhaustive) 12851 del vars, 2461 del conss, 2366 add conss, 3065 chg bounds, 226273 chg sides, 344514 chg coeffs, 92 upgd conss, 100 impls, 3090 clqs
(round 437, exhaustive) 12876 del vars, 2461 del conss, 2366 add conss, 3065 chg bounds, 226273 chg sides, 344514 chg coeffs, 92 upgd conss, 102 impls, 3068 clqs
(round 438, fast)       12876 del vars, 2463 del conss, 2391 add conss, 3065 chg bounds, 226446 chg sides, 344826 chg coeffs, 92 upgd conss, 102 impls, 3090 clqs
(round 439, fast)       12876 del vars, 2463 del conss, 2391 add conss, 3065 chg bounds, 228834 chg sides, 347709 chg coeffs, 92 upgd conss, 102 impls, 3090 clqs
(round 440, exhaustive) 12876 del vars, 2486 del conss, 2391 add conss, 3065 chg bounds, 228841 chg sides, 347709 chg coeffs, 92 upgd conss, 102 impls, 3090 clqs
(round 441, exhaustive) 12901 del vars, 2486 del conss, 2391 add conss, 3065 chg bounds, 228841 chg sides, 347709 chg coeffs, 92 upgd conss, 102 impls, 3069 clqs
(round 442, fast)       12901 del vars, 2486 del conss, 2417 add conss, 3065 chg bounds, 229037 chg sides, 348023 chg coeffs, 92 upgd conss, 102 impls, 3079 clqs
(round 443, fast)       12901 del vars, 2486 del conss, 2417 add conss, 3065 chg bounds, 231298 chg sides, 350934 chg coeffs, 92 upgd conss, 102 impls, 3079 clqs
(round 444, exhaustive) 12901 del vars, 2511 del conss, 2417 add conss, 3065 chg bounds, 231306 chg sides, 350934 chg coeffs, 92 upgd conss, 102 impls, 3079 clqs
(round 445, exhaustive) 12926 del vars, 2511 del conss, 2417 add conss, 3065 chg bounds, 231306 chg sides, 350934 chg coeffs, 92 upgd conss, 102 impls, 3055 clqs
(round 446, fast)       12926 del vars, 2513 del conss, 2448 add conss, 3065 chg bounds, 231480 chg sides, 351784 chg coeffs, 92 upgd conss, 102 impls, 3068 clqs
(round 447, fast)       12926 del vars, 2513 del conss, 2448 add conss, 3065 chg bounds, 234550 chg sides, 355296 chg coeffs, 92 upgd conss, 102 impls, 3068 clqs
(round 448, exhaustive) 12926 del vars, 2534 del conss, 2448 add conss, 3065 chg bounds, 234563 chg sides, 355296 chg coeffs, 92 upgd conss, 102 impls, 3068 clqs
(round 449, exhaustive) 12951 del vars, 2534 del conss, 2448 add conss, 3065 chg bounds, 234563 chg sides, 355296 chg coeffs, 92 upgd conss, 102 impls, 3047 clqs
(round 450, fast)       12951 del vars, 2540 del conss, 2473 add conss, 3065 chg bounds, 234887 chg sides, 355895 chg coeffs, 92 upgd conss, 102 impls, 3056 clqs
(round 451, fast)       12951 del vars, 2540 del conss, 2473 add conss, 3065 chg bounds, 237211 chg sides, 358751 chg coeffs, 92 upgd conss, 102 impls, 3056 clqs
(round 452, exhaustive) 12951 del vars, 2561 del conss, 2473 add conss, 3065 chg bounds, 237219 chg sides, 358751 chg coeffs, 92 upgd conss, 102 impls, 3056 clqs
(round 453, exhaustive) 12976 del vars, 2561 del conss, 2473 add conss, 3065 chg bounds, 237219 chg sides, 358751 chg coeffs, 92 upgd conss, 102 impls, 3035 clqs
(round 454, fast)       12976 del vars, 2565 del conss, 2491 add conss, 3065 chg bounds, 237221 chg sides, 358905 chg coeffs, 92 upgd conss, 102 impls, 3051 clqs
(round 455, fast)       12976 del vars, 2565 del conss, 2491 add conss, 3065 chg bounds, 238450 chg sides, 361040 chg coeffs, 92 upgd conss, 102 impls, 3051 clqs
(round 456, exhaustive) 12976 del vars, 2581 del conss, 2491 add conss, 3065 chg bounds, 238455 chg sides, 361040 chg coeffs, 92 upgd conss, 102 impls, 3051 clqs
(round 457, exhaustive) 13001 del vars, 2581 del conss, 2491 add conss, 3065 chg bounds, 238455 chg sides, 361040 chg coeffs, 92 upgd conss, 102 impls, 3023 clqs
(round 458, fast)       13001 del vars, 2584 del conss, 2516 add conss, 3065 chg bounds, 238459 chg sides, 361201 chg coeffs, 92 upgd conss, 102 impls, 3037 clqs
(round 459, fast)       13001 del vars, 2584 del conss, 2516 add conss, 3065 chg bounds, 240506 chg sides, 364124 chg coeffs, 92 upgd conss, 102 impls, 3037 clqs
(round 460, exhaustive) 13001 del vars, 2603 del conss, 2516 add conss, 3065 chg bounds, 240513 chg sides, 364124 chg coeffs, 92 upgd conss, 102 impls, 3037 clqs
(round 461, exhaustive) 13026 del vars, 2603 del conss, 2516 add conss, 3065 chg bounds, 240513 chg sides, 364124 chg coeffs, 92 upgd conss, 102 impls, 3019 clqs
(round 462, fast)       13026 del vars, 2605 del conss, 2534 add conss, 3065 chg bounds, 240518 chg sides, 364249 chg coeffs, 92 upgd conss, 102 impls, 3029 clqs
(round 463, fast)       13026 del vars, 2605 del conss, 2534 add conss, 3065 chg bounds, 242066 chg sides, 366327 chg coeffs, 92 upgd conss, 102 impls, 3029 clqs
(round 464, exhaustive) 13026 del vars, 2620 del conss, 2534 add conss, 3065 chg bounds, 242075 chg sides, 366327 chg coeffs, 92 upgd conss, 102 impls, 3029 clqs
(round 465, exhaustive) 13051 del vars, 2620 del conss, 2534 add conss, 3065 chg bounds, 242075 chg sides, 366327 chg coeffs, 92 upgd conss, 102 impls, 2996 clqs
(round 466, fast)       13051 del vars, 2624 del conss, 2562 add conss, 3065 chg bounds, 242238 chg sides, 366691 chg coeffs, 92 upgd conss, 102 impls, 3025 clqs
(round 467, fast)       13051 del vars, 2624 del conss, 2562 add conss, 3065 chg bounds, 244841 chg sides, 369833 chg coeffs, 92 upgd conss, 102 impls, 3025 clqs
(round 468, exhaustive) 13051 del vars, 2647 del conss, 2562 add conss, 3065 chg bounds, 244850 chg sides, 369833 chg coeffs, 92 upgd conss, 102 impls, 3025 clqs
(round 469, exhaustive) 13076 del vars, 2647 del conss, 2562 add conss, 3065 chg bounds, 244850 chg sides, 369833 chg coeffs, 92 upgd conss, 102 impls, 2991 clqs
(round 470, fast)       13076 del vars, 2651 del conss, 2591 add conss, 3065 chg bounds, 244857 chg sides, 370168 chg coeffs, 92 upgd conss, 102 impls, 3010 clqs
(round 471, fast)       13076 del vars, 2651 del conss, 2591 add conss, 3065 chg bounds, 247285 chg sides, 373337 chg coeffs, 92 upgd conss, 102 impls, 3010 clqs
(round 472, exhaustive) 13076 del vars, 2678 del conss, 2591 add conss, 3065 chg bounds, 247297 chg sides, 373337 chg coeffs, 92 upgd conss, 102 impls, 3010 clqs
(round 473, exhaustive) 13101 del vars, 2678 del conss, 2591 add conss, 3065 chg bounds, 247297 chg sides, 373337 chg coeffs, 92 upgd conss, 102 impls, 2989 clqs
(round 474, fast)       13101 del vars, 2681 del conss, 2613 add conss, 3065 chg bounds, 247308 chg sides, 373770 chg coeffs, 92 upgd conss, 102 impls, 3006 clqs
(round 475, fast)       13101 del vars, 2681 del conss, 2613 add conss, 3065 chg bounds, 249299 chg sides, 376586 chg coeffs, 92 upgd conss, 102 impls, 3006 clqs
(round 476, exhaustive) 13101 del vars, 2699 del conss, 2613 add conss, 3065 chg bounds, 249306 chg sides, 376586 chg coeffs, 92 upgd conss, 102 impls, 3006 clqs
(round 477, exhaustive) 13126 del vars, 2699 del conss, 2613 add conss, 3065 chg bounds, 249306 chg sides, 376586 chg coeffs, 92 upgd conss, 102 impls, 2991 clqs
(round 478, fast)       13126 del vars, 2703 del conss, 2638 add conss, 3065 chg bounds, 249433 chg sides, 377223 chg coeffs, 92 upgd conss, 102 impls, 3001 clqs
(round 479, fast)       13126 del vars, 2703 del conss, 2638 add conss, 3065 chg bounds, 251109 chg sides, 379932 chg coeffs, 92 upgd conss, 102 impls, 3001 clqs
(round 480, exhaustive) 13126 del vars, 2721 del conss, 2638 add conss, 3065 chg bounds, 251117 chg sides, 379932 chg coeffs, 92 upgd conss, 102 impls, 3001 clqs
(round 481, exhaustive) 13151 del vars, 2721 del conss, 2638 add conss, 3065 chg bounds, 251117 chg sides, 379932 chg coeffs, 92 upgd conss, 102 impls, 2971 clqs
(round 482, fast)       13151 del vars, 2723 del conss, 2664 add conss, 3065 chg bounds, 251397 chg sides, 380627 chg coeffs, 92 upgd conss, 102 impls, 3014 clqs
(round 483, fast)       13151 del vars, 2723 del conss, 2664 add conss, 3065 chg bounds, 253791 chg sides, 383346 chg coeffs, 92 upgd conss, 102 impls, 3014 clqs
(round 484, exhaustive) 13151 del vars, 2740 del conss, 2664 add conss, 3065 chg bounds, 253805 chg sides, 383346 chg coeffs, 92 upgd conss, 102 impls, 3014 clqs
(round 485, exhaustive) 13176 del vars, 2740 del conss, 2664 add conss, 3065 chg bounds, 253805 chg sides, 383346 chg coeffs, 92 upgd conss, 102 impls, 2985 clqs
(round 486, fast)       13176 del vars, 2743 del conss, 2688 add conss, 3065 chg bounds, 253809 chg sides, 383762 chg coeffs, 92 upgd conss, 102 impls, 2999 clqs
(round 487, fast)       13176 del vars, 2743 del conss, 2688 add conss, 3065 chg bounds, 255476 chg sides, 386350 chg coeffs, 92 upgd conss, 102 impls, 2999 clqs
(round 488, exhaustive) 13176 del vars, 2765 del conss, 2688 add conss, 3065 chg bounds, 255483 chg sides, 386350 chg coeffs, 92 upgd conss, 102 impls, 2999 clqs
(round 489, exhaustive) 13201 del vars, 2765 del conss, 2688 add conss, 3065 chg bounds, 255483 chg sides, 386350 chg coeffs, 92 upgd conss, 102 impls, 2967 clqs
(round 490, fast)       13201 del vars, 2767 del conss, 2710 add conss, 3065 chg bounds, 255489 chg sides, 387223 chg coeffs, 92 upgd conss, 102 impls, 2986 clqs
(round 491, fast)       13201 del vars, 2767 del conss, 2710 add conss, 3065 chg bounds, 257945 chg sides, 389893 chg coeffs, 92 upgd conss, 102 impls, 2986 clqs
(round 492, exhaustive) 13201 del vars, 2787 del conss, 2710 add conss, 3065 chg bounds, 257953 chg sides, 389893 chg coeffs, 92 upgd conss, 102 impls, 2986 clqs
(round 493, exhaustive) 13226 del vars, 2787 del conss, 2710 add conss, 3065 chg bounds, 257953 chg sides, 389893 chg coeffs, 92 upgd conss, 102 impls, 2953 clqs
(round 494, fast)       13226 del vars, 2795 del conss, 2732 add conss, 3065 chg bounds, 258121 chg sides, 390968 chg coeffs, 92 upgd conss, 102 impls, 2975 clqs
(round 495, fast)       13226 del vars, 2795 del conss, 2732 add conss, 3065 chg bounds, 260316 chg sides, 393553 chg coeffs, 92 upgd conss, 102 impls, 2975 clqs
(round 496, exhaustive) 13226 del vars, 2816 del conss, 2732 add conss, 3065 chg bounds, 260325 chg sides, 393553 chg coeffs, 92 upgd conss, 102 impls, 2975 clqs
(round 497, fast)       13226 del vars, 2816 del conss, 2732 add conss, 3065 chg bounds, 260325 chg sides, 393649 chg coeffs, 92 upgd conss, 102 impls, 2975 clqs
(round 498, exhaustive) 13226 del vars, 2817 del conss, 2732 add conss, 3065 chg bounds, 260325 chg sides, 393649 chg coeffs, 92 upgd conss, 102 impls, 2975 clqs
(round 499, exhaustive) 13251 del vars, 2817 del conss, 2732 add conss, 3065 chg bounds, 260325 chg sides, 393649 chg coeffs, 92 upgd conss, 102 impls, 2955 clqs
(round 500, fast)       13251 del vars, 2818 del conss, 2753 add conss, 3065 chg bounds, 260332 chg sides, 393899 chg coeffs, 92 upgd conss, 102 impls, 2967 clqs
(round 501, fast)       13251 del vars, 2818 del conss, 2753 add conss, 3065 chg bounds, 262023 chg sides, 396014 chg coeffs, 92 upgd conss, 102 impls, 2967 clqs
(round 502, exhaustive) 13251 del vars, 2836 del conss, 2753 add conss, 3065 chg bounds, 262033 chg sides, 396014 chg coeffs, 92 upgd conss, 102 impls, 2967 clqs
(round 503, exhaustive) 13276 del vars, 2836 del conss, 2753 add conss, 3065 chg bounds, 262033 chg sides, 396014 chg coeffs, 92 upgd conss, 102 impls, 2953 clqs
(round 504, fast)       13276 del vars, 2840 del conss, 2777 add conss, 3065 chg bounds, 262038 chg sides, 396174 chg coeffs, 92 upgd conss, 102 impls, 2963 clqs
(round 505, fast)       13276 del vars, 2840 del conss, 2777 add conss, 3065 chg bounds, 264201 chg sides, 398619 chg coeffs, 92 upgd conss, 102 impls, 2963 clqs
(round 506, exhaustive) 13276 del vars, 2858 del conss, 2777 add conss, 3065 chg bounds, 264209 chg sides, 398619 chg coeffs, 92 upgd conss, 102 impls, 2963 clqs
(round 507, exhaustive) 13301 del vars, 2858 del conss, 2777 add conss, 3065 chg bounds, 264209 chg sides, 398619 chg coeffs, 92 upgd conss, 102 impls, 2921 clqs
(round 508, fast)       13301 del vars, 2860 del conss, 2802 add conss, 3065 chg bounds, 264216 chg sides, 398898 chg coeffs, 92 upgd conss, 102 impls, 2947 clqs
(round 509, fast)       13301 del vars, 2860 del conss, 2802 add conss, 3065 chg bounds, 266306 chg sides, 401399 chg coeffs, 92 upgd conss, 102 impls, 2947 clqs
(round 510, exhaustive) 13301 del vars, 2882 del conss, 2802 add conss, 3065 chg bounds, 266316 chg sides, 401399 chg coeffs, 92 upgd conss, 102 impls, 2947 clqs
(round 511, exhaustive) 13326 del vars, 2882 del conss, 2802 add conss, 3065 chg bounds, 266316 chg sides, 401399 chg coeffs, 92 upgd conss, 102 impls, 2915 clqs
(round 512, fast)       13326 del vars, 2886 del conss, 2825 add conss, 3065 chg bounds, 266322 chg sides, 401674 chg coeffs, 92 upgd conss, 102 impls, 2934 clqs
(round 513, fast)       13326 del vars, 2886 del conss, 2825 add conss, 3065 chg bounds, 268051 chg sides, 403887 chg coeffs, 92 upgd conss, 102 impls, 2934 clqs
(round 514, exhaustive) 13326 del vars, 2906 del conss, 2825 add conss, 3065 chg bounds, 268063 chg sides, 403887 chg coeffs, 92 upgd conss, 102 impls, 2934 clqs
(round 515, exhaustive) 13351 del vars, 2906 del conss, 2825 add conss, 3065 chg bounds, 268063 chg sides, 403887 chg coeffs, 92 upgd conss, 102 impls, 2904 clqs
(round 516, fast)       13351 del vars, 2909 del conss, 2853 add conss, 3065 chg bounds, 268068 chg sides, 404300 chg coeffs, 92 upgd conss, 102 impls, 2922 clqs
(round 517, fast)       13351 del vars, 2909 del conss, 2853 add conss, 3065 chg bounds, 270304 chg sides, 407113 chg coeffs, 92 upgd conss, 102 impls, 2922 clqs
(round 518, exhaustive) 13351 del vars, 2910 del conss, 2853 add conss, 3065 chg bounds, 270304 chg sides, 407113 chg coeffs, 92 upgd conss, 102 impls, 2922 clqs
(round 519, exhaustive) 13351 del vars, 2935 del conss, 2853 add conss, 3065 chg bounds, 270314 chg sides, 407113 chg coeffs, 92 upgd conss, 102 impls, 2922 clqs
(round 520, fast)       13351 del vars, 2935 del conss, 2853 add conss, 3065 chg bounds, 270314 chg sides, 407205 chg coeffs, 92 upgd conss, 102 impls, 2922 clqs
(round 521, exhaustive) 13351 del vars, 2936 del conss, 2853 add conss, 3065 chg bounds, 270314 chg sides, 407205 chg coeffs, 92 upgd conss, 102 impls, 2922 clqs
   (4.7s) probing: 3000/7950 (37.7%) - 2994 fixings, 0 aggregations, 16 implications, 0 bound changes
(round 522, exhaustive) 13376 del vars, 2936 del conss, 2853 add conss, 3065 chg bounds, 270314 chg sides, 407205 chg coeffs, 92 upgd conss, 102 impls, 2883 clqs
(round 523, fast)       13376 del vars, 2940 del conss, 2878 add conss, 3065 chg bounds, 270403 chg sides, 407409 chg coeffs, 92 upgd conss, 102 impls, 2922 clqs
(round 524, fast)       13376 del vars, 2940 del conss, 2878 add conss, 3065 chg bounds, 272817 chg sides, 410054 chg coeffs, 92 upgd conss, 102 impls, 2922 clqs
(round 525, exhaustive) 13376 del vars, 2958 del conss, 2878 add conss, 3065 chg bounds, 272828 chg sides, 410054 chg coeffs, 92 upgd conss, 102 impls, 2922 clqs
(round 526, exhaustive) 13401 del vars, 2958 del conss, 2878 add conss, 3065 chg bounds, 272828 chg sides, 410054 chg coeffs, 92 upgd conss, 102 impls, 2892 clqs
(round 527, fast)       13401 del vars, 2963 del conss, 2897 add conss, 3065 chg bounds, 272994 chg sides, 410337 chg coeffs, 92 upgd conss, 102 impls, 2916 clqs
(round 528, fast)       13401 del vars, 2963 del conss, 2897 add conss, 3065 chg bounds, 274853 chg sides, 412531 chg coeffs, 92 upgd conss, 102 impls, 2916 clqs
(round 529, exhaustive) 13401 del vars, 2977 del conss, 2897 add conss, 3065 chg bounds, 274861 chg sides, 412531 chg coeffs, 92 upgd conss, 102 impls, 2916 clqs
(round 530, exhaustive) 13426 del vars, 2977 del conss, 2897 add conss, 3065 chg bounds, 274861 chg sides, 412531 chg coeffs, 92 upgd conss, 102 impls, 2881 clqs
(round 531, fast)       13426 del vars, 2982 del conss, 2921 add conss, 3065 chg bounds, 274867 chg sides, 413178 chg coeffs, 92 upgd conss, 102 impls, 2905 clqs
(round 532, fast)       13426 del vars, 2982 del conss, 2921 add conss, 3065 chg bounds, 277126 chg sides, 415701 chg coeffs, 92 upgd conss, 102 impls, 2905 clqs
(round 533, exhaustive) 13426 del vars, 3001 del conss, 2921 add conss, 3065 chg bounds, 277136 chg sides, 415701 chg coeffs, 92 upgd conss, 102 impls, 2905 clqs
(round 534, exhaustive) 13451 del vars, 3001 del conss, 2921 add conss, 3065 chg bounds, 277136 chg sides, 415701 chg coeffs, 92 upgd conss, 102 impls, 2884 clqs
(round 535, fast)       13451 del vars, 3006 del conss, 2939 add conss, 3065 chg bounds, 277143 chg sides, 415969 chg coeffs, 92 upgd conss, 102 impls, 2899 clqs
(round 536, fast)       13451 del vars, 3006 del conss, 2939 add conss, 3065 chg bounds, 278712 chg sides, 417892 chg coeffs, 92 upgd conss, 102 impls, 2899 clqs
(round 537, exhaustive) 13451 del vars, 3021 del conss, 2939 add conss, 3065 chg bounds, 278717 chg sides, 417892 chg coeffs, 92 upgd conss, 102 impls, 2899 clqs
(round 538, exhaustive) 13476 del vars, 3021 del conss, 2939 add conss, 3065 chg bounds, 278717 chg sides, 417892 chg coeffs, 92 upgd conss, 102 impls, 2877 clqs
(round 539, fast)       13476 del vars, 3023 del conss, 2960 add conss, 3065 chg bounds, 278911 chg sides, 418360 chg coeffs, 92 upgd conss, 102 impls, 2894 clqs
(round 540, fast)       13476 del vars, 3023 del conss, 2960 add conss, 3065 chg bounds, 280836 chg sides, 420622 chg coeffs, 92 upgd conss, 102 impls, 2894 clqs
   (4.8s) running MILP presolver
   (4.8s) MILP presolver found nothing
(round 541, exhaustive) 13476 del vars, 3039 del conss, 2960 add conss, 3065 chg bounds, 280842 chg sides, 420622 chg coeffs, 92 upgd conss, 102 impls, 2894 clqs
(round 542, exhaustive) 13501 del vars, 3039 del conss, 2960 add conss, 3065 chg bounds, 280842 chg sides, 420622 chg coeffs, 92 upgd conss, 102 impls, 2870 clqs
(round 543, fast)       13501 del vars, 3042 del conss, 2988 add conss, 3065 chg bounds, 280844 chg sides, 420763 chg coeffs, 92 upgd conss, 102 impls, 2918 clqs
(round 544, fast)       13501 del vars, 3042 del conss, 2988 add conss, 3065 chg bounds, 283450 chg sides, 423806 chg coeffs, 92 upgd conss, 102 impls, 2918 clqs
(round 545, exhaustive) 13501 del vars, 3056 del conss, 2988 add conss, 3065 chg bounds, 283462 chg sides, 423806 chg coeffs, 92 upgd conss, 102 impls, 2918 clqs
(round 546, exhaustive) 13526 del vars, 3056 del conss, 2988 add conss, 3065 chg bounds, 283462 chg sides, 423806 chg coeffs, 92 upgd conss, 102 impls, 2884 clqs
(round 547, fast)       13526 del vars, 3063 del conss, 3011 add conss, 3065 chg bounds, 283588 chg sides, 424189 chg coeffs, 92 upgd conss, 102 impls, 2902 clqs
(round 548, fast)       13526 del vars, 3063 del conss, 3011 add conss, 3065 chg bounds, 285660 chg sides, 426755 chg coeffs, 92 upgd conss, 102 impls, 2902 clqs
(round 549, exhaustive) 13526 del vars, 3078 del conss, 3011 add conss, 3065 chg bounds, 285668 chg sides, 426755 chg coeffs, 92 upgd conss, 102 impls, 2902 clqs
(round 550, exhaustive) 13551 del vars, 3078 del conss, 3011 add conss, 3065 chg bounds, 285668 chg sides, 426755 chg coeffs, 92 upgd conss, 102 impls, 2865 clqs
(round 551, fast)       13551 del vars, 3081 del conss, 3039 add conss, 3065 chg bounds, 285675 chg sides, 427474 chg coeffs, 92 upgd conss, 102 impls, 2898 clqs
(round 552, fast)       13551 del vars, 3081 del conss, 3039 add conss, 3065 chg bounds, 288230 chg sides, 430416 chg coeffs, 92 upgd conss, 102 impls, 2898 clqs
(round 553, exhaustive) 13551 del vars, 3106 del conss, 3039 add conss, 3065 chg bounds, 288243 chg sides, 430416 chg coeffs, 92 upgd conss, 102 impls, 2898 clqs
(round 554, exhaustive) 13576 del vars, 3106 del conss, 3039 add conss, 3065 chg bounds, 288243 chg sides, 430416 chg coeffs, 92 upgd conss, 102 impls, 2858 clqs
(round 555, fast)       13576 del vars, 3108 del conss, 3059 add conss, 3065 chg bounds, 288247 chg sides, 430709 chg coeffs, 92 upgd conss, 102 impls, 2877 clqs
(round 556, fast)       13576 del vars, 3108 del conss, 3059 add conss, 3065 chg bounds, 290223 chg sides, 432954 chg coeffs, 92 upgd conss, 102 impls, 2877 clqs
(round 557, exhaustive) 13576 del vars, 3120 del conss, 3059 add conss, 3065 chg bounds, 290230 chg sides, 432954 chg coeffs, 92 upgd conss, 102 impls, 2877 clqs
(round 558, exhaustive) 13601 del vars, 3120 del conss, 3059 add conss, 3065 chg bounds, 290230 chg sides, 432954 chg coeffs, 92 upgd conss, 4486 impls, 2863 clqs
(round 559, fast)       13601 del vars, 3123 del conss, 3108 add conss, 3065 chg bounds, 290235 chg sides, 433782 chg coeffs, 92 upgd conss, 4486 impls, 2871 clqs
(round 560, fast)       13601 del vars, 3123 del conss, 3108 add conss, 3065 chg bounds, 294983 chg sides, 439261 chg coeffs, 92 upgd conss, 4486 impls, 2871 clqs
(round 561, exhaustive) 13601 del vars, 3163 del conss, 3108 add conss, 3065 chg bounds, 295008 chg sides, 439261 chg coeffs, 92 upgd conss, 4486 impls, 2871 clqs
   (5.7s) probing: 4000/7950 (50.3%) - 3228 fixings, 0 aggregations, 133460 implications, 0 bound changes
   (6.6s) probing: 5000/7950 (62.9%) - 3244 fixings, 0 aggregations, 269645 implications, 0 bound changes
(round 562, exhaustive) 13626 del vars, 3163 del conss, 3108 add conss, 3065 chg bounds, 295008 chg sides, 439261 chg coeffs, 92 upgd conss, 16591 impls, 2847 clqs
(round 563, fast)       13626 del vars, 3164 del conss, 3159 add conss, 3065 chg bounds, 295158 chg sides, 441354 chg coeffs, 92 upgd conss, 16591 impls, 2879 clqs
(round 564, fast)       13626 del vars, 3164 del conss, 3159 add conss, 3065 chg bounds, 300142 chg sides, 447099 chg coeffs, 92 upgd conss, 16591 impls, 2879 clqs
(round 565, exhaustive) 13626 del vars, 3203 del conss, 3159 add conss, 3065 chg bounds, 300166 chg sides, 447099 chg coeffs, 92 upgd conss, 16591 impls, 2879 clqs
   (7.5s) probing: 6000/7950 (75.5%) - 3256 fixings, 0 aggregations, 403962 implications, 0 bound changes
(round 566, exhaustive) 13651 del vars, 3203 del conss, 3159 add conss, 3065 chg bounds, 300166 chg sides, 447099 chg coeffs, 92 upgd conss, 27257 impls, 2829 clqs
(round 567, fast)       13651 del vars, 3207 del conss, 3211 add conss, 3065 chg bounds, 300172 chg sides, 448917 chg coeffs, 92 upgd conss, 27257 impls, 2893 clqs
(round 568, fast)       13651 del vars, 3207 del conss, 3211 add conss, 3065 chg bounds, 305265 chg sides, 454618 chg coeffs, 92 upgd conss, 27257 impls, 2893 clqs
(round 569, exhaustive) 13651 del vars, 3253 del conss, 3211 add conss, 3065 chg bounds, 305292 chg sides, 454618 chg coeffs, 92 upgd conss, 27257 impls, 2893 clqs
   (8.5s) probing: 7000/7950 (88.1%) - 3278 fixings, 0 aggregations, 536082 implications, 0 bound changes
   (9.4s) probing cycle finished: starting next cycle
(round 570, exhaustive) 13676 del vars, 3253 del conss, 3211 add conss, 3065 chg bounds, 305292 chg sides, 454618 chg coeffs, 92 upgd conss, 35584 impls, 2848 clqs
(round 571, fast)       13676 del vars, 3254 del conss, 3256 add conss, 3065 chg bounds, 305298 chg sides, 456160 chg coeffs, 92 upgd conss, 35584 impls, 2902 clqs
(round 572, fast)       13676 del vars, 3254 del conss, 3256 add conss, 3065 chg bounds, 309084 chg sides, 460497 chg coeffs, 92 upgd conss, 35584 impls, 2902 clqs
(round 573, exhaustive) 13676 del vars, 3302 del conss, 3256 add conss, 3065 chg bounds, 309110 chg sides, 460497 chg coeffs, 92 upgd conss, 35584 impls, 2902 clqs
   (10.2s) probing: 1000/4648 (21.5%) - 3309 fixings, 0 aggregations, 816442 implications, 0 bound changes
   (10.9s) probing: 2000/4648 (43.0%) - 3318 fixings, 0 aggregations, 940713 implications, 0 bound changes
(round 574, exhaustive) 13701 del vars, 3302 del conss, 3256 add conss, 3065 chg bounds, 309110 chg sides, 460497 chg coeffs, 92 upgd conss, 36076 impls, 2891 clqs
(round 575, fast)       13701 del vars, 3303 del conss, 3303 add conss, 3065 chg bounds, 309115 chg sides, 461018 chg coeffs, 92 upgd conss, 36076 impls, 2909 clqs
(round 576, fast)       13701 del vars, 3303 del conss, 3303 add conss, 3065 chg bounds, 312990 chg sides, 465414 chg coeffs, 92 upgd conss, 36076 impls, 2909 clqs
(round 577, exhaustive) 13701 del vars, 3344 del conss, 3303 add conss, 3065 chg bounds, 313017 chg sides, 465414 chg coeffs, 92 upgd conss, 36076 impls, 2909 clqs
(round 578, exhaustive) 13701 del vars, 3344 del conss, 3303 add conss, 3065 chg bounds, 313017 chg sides, 465414 chg coeffs, 93 upgd conss, 36076 impls, 2909 clqs
(round 579, fast)       13701 del vars, 3345 del conss, 3303 add conss, 3065 chg bounds, 313018 chg sides, 465414 chg coeffs, 93 upgd conss, 36076 impls, 2909 clqs
   (11.6s) probing: 3000/4648 (64.5%) - 3332 fixings, 0 aggregations, 1066875 implications, 0 bound changes
   (12.4s) probing: 4000/4648 (86.1%) - 3341 fixings, 0 aggregations, 1196227 implications, 0 bound changes
   (12.8s) probing cycle finished: starting next cycle
(round 580, exhaustive) 13726 del vars, 3345 del conss, 3303 add conss, 3065 chg bounds, 313018 chg sides, 465414 chg coeffs, 93 upgd conss, 36272 impls, 2901 clqs
(round 581, fast)       13726 del vars, 3347 del conss, 3350 add conss, 3065 chg bounds, 313021 chg sides, 465952 chg coeffs, 93 upgd conss, 36272 impls, 2911 clqs
(round 582, fast)       13726 del vars, 3347 del conss, 3350 add conss, 3065 chg bounds, 317028 chg sides, 470325 chg coeffs, 93 upgd conss, 36272 impls, 2911 clqs
(round 583, exhaustive) 13726 del vars, 3393 del conss, 3350 add conss, 3065 chg bounds, 317057 chg sides, 470325 chg coeffs, 93 upgd conss, 36272 impls, 2911 clqs
   (13.6s) probing: 1000/4599 (21.7%) - 3353 fixings, 0 aggregations, 1411325 implications, 0 bound changes
   (14.3s) probing: 2000/4599 (43.5%) - 3359 fixings, 0 aggregations, 1536024 implications, 0 bound changes
   (15.0s) probing: 3000/4599 (65.2%) - 3361 fixings, 0 aggregations, 1655145 implications, 0 bound changes
   (15.7s) probing: 4000/4599 (87.0%) - 3367 fixings, 0 aggregations, 1781126 implications, 0 bound changes
   (16.1s) probing cycle finished: starting next cycle
(round 584, exhaustive) 13745 del vars, 3393 del conss, 3350 add conss, 3065 chg bounds, 317057 chg sides, 470325 chg coeffs, 93 upgd conss, 36369 impls, 2916 clqs
(round 585, fast)       13745 del vars, 3394 del conss, 3395 add conss, 3065 chg bounds, 317058 chg sides, 470559 chg coeffs, 93 upgd conss, 36369 impls, 2925 clqs
(round 586, fast)       13745 del vars, 3394 del conss, 3395 add conss, 3065 chg bounds, 320810 chg sides, 474769 chg coeffs, 93 upgd conss, 36369 impls, 2925 clqs
(round 587, exhaustive) 13745 del vars, 3438 del conss, 3395 add conss, 3065 chg bounds, 320837 chg sides, 474769 chg coeffs, 93 upgd conss, 36369 impls, 2925 clqs
   (16.9s) probing: 1000/4580 (21.8%) - 3372 fixings, 0 aggregations, 1985417 implications, 0 bound changes
   (17.3s) probing: 1600/4580 (34.9%) - 3372 fixings, 0 aggregations, 2056290 implications, 0 bound changes
   (17.3s) probing aborted: 1000/1000 successive useless probings
presolving (588 rounds: 588 fast, 292 medium, 287 exhaustive):
 13748 deleted vars, 3438 deleted constraints, 3395 added constraints, 3065 tightened bounds, 0 added holes, 320837 changed sides, 474769 changed coefficients
 36378 implications, 2925 cliques
presolved problem has 4632 variables (4575 bin, 2 int, 55 impl, 0 cont) and 533 constraints
     57 constraints of type <varbound>
      1 constraints of type <knapsack>
     30 constraints of type <setppc>
    445 constraints of type <linear>
transformed objective value is always integral (scale: 1)
Presolving Time: 17.25
transformed 1/1 original solutions to the transformed problem space

 time | node  | left  |LP iter|LP it/n|mem/heur|mdpt |vars |cons |rows |cuts |sepa|confs|strbr|  dualbound   | primalbound  |  gap   | compl. 
 18.2s|     1 |     0 |  7133 |     - |   104M |   0 |4632 | 539 | 539 |   0 |  0 |   0 |   0 | 1.122700e+02 | 3.020000e+02 | 168.99%| unknown
 18.2s|     1 |     2 |  7133 |     - |   104M |   0 |4632 | 539 | 539 |   0 |  1 |   0 |   0 | 1.122700e+02 | 3.020000e+02 | 168.99%| unknown

SCIP Status        : solving was interrupted [node limit reached]
Solving Time (sec) : 18.21
Solving Nodes      : 1
Primal Bound       : +3.02000000000000e+02 (1 solutions)
Dual Bound         : +1.12269986261525e+02
Gap                : 168.99 %
wrote problem to file /mnt/lscratch/users/dferrario/Adaptive-Cutsel-MILP/TransformedInstances/30n20b8__trans__seed__1.mps
